{"attempt":1,"level":"info","maxRetries":5,"message":"Attempting to connect to MongoDB...","service":"api","timestamp":"2025-06-22 03:49:56"}
{"level":"warn","message":"MongoDB disconnected","service":"api","timestamp":"2026-04-20T02:57:19.028Z"}
{"attempt":1,"level":"info","maxRetries":5,"message":"Attempting to connect to MongoDB...","service":"api","timestamp":"2025-06-22 03:49:56"}
{"host":"ac-gc0ygai-shard-00-01.ehcg02t.mongodb.net","level":"info","message":"MongoDB connected successfully","name":"test","port":27017,"service":"api","timestamp":"2025-06-22 03:49:56"}
{"attempt":1,"level":"info","maxRetries":5,"message":"Attempting to connect to MongoDB...","service":"api","timestamp":"2025-06-22 03:49:56"}
{"host":"ac-gc0ygai-shard-00-02.ehcg02t.mongodb.net","level":"info","message":"MongoDB connected successfully","name":"test","port":27017,"service":"api","timestamp":"2025-06-22 03:49:56"}
{"attempt":1,"level":"info","maxRetries":5,"message":"Attempting to connect to MongoDB...","service":"api","timestamp":"2025-06-22 03:49:56"}
{"host":"ac-gc0ygai-shard-00-02.ehcg02t.mongodb.net","level":"info","message":"MongoDB connected successfully","name":"test","port":27017,"service":"api","timestamp":"2025-06-22 03:49:56"}
{"level":"error","message":"Application startup failed: userController is not defined","service":"api","stack":"ReferenceError: userController is not defined\n    at Application.start (file:///C:/AWS/n8n-web/server/index.js:109:7)\n    at process.processTicksAndRejections (node:internal/process/task_queues:103:5)","timestamp":"2026-04-20T03:27:53.939Z"}
{"level":"info","message":"Shutting down server...","service":"api","timestamp":"2026-04-20T03:27:53.941Z"}
{"code":"ERR_SERVER_NOT_RUNNING","level":"error","message":"Error during server shutdown: Server is not running.","service":"api","stack":"Error [ERR_SERVER_NOT_RUNNING]: Server is not running.\n    at Server.close (node:net:2359:12)\n    at Object.onceWrapper (node:events:633:28)\n    at Server.emit (node:events:519:28)\n    at emitCloseNT (node:net:2419:8)\n    at process.processTicksAndRejections (node:internal/process/task_queues:88:21)","timestamp":"2026-04-20T03:27:53.942Z"}
{"force":false,"level":"info","message":"Disconnecting from MongoDB...","service":"api","timestamp":"2025-06-22 03:49:56"}
{"attempt":1,"level":"info","maxRetries":5,"message":"Attempting to connect to MongoDB...","service":"api","timestamp":"2025-06-22 03:49:56"}
{"host":"ac-gc0ygai-shard-00-01.ehcg02t.mongodb.net","level":"info","message":"MongoDB connected successfully","name":"test","port":27017,"service":"api","timestamp":"2025-06-22 03:49:56"}
{"level":"error","message":"Application startup failed: userController.initAdminUser is not a function","service":"api","stack":"TypeError: userController.initAdminUser is not a function\n    at Application.start (file:///C:/AWS/n8n-web/server/index.js:109:28)\n    at process.processTicksAndRejections (node:internal/process/task_queues:103:5)","timestamp":"2026-04-20T03:27:59.177Z"}
{"level":"info","message":"Shutting down server...","service":"api","timestamp":"2026-04-20T03:27:59.178Z"}
{"code":"ERR_SERVER_NOT_RUNNING","level":"error","message":"Error during server shutdown: Server is not running.","service":"api","stack":"Error [ERR_SERVER_NOT_RUNNING]: Server is not running.\n    at Server.close (node:net:2359:12)\n    at Object.onceWrapper (node:events:633:28)\n    at Server.emit (node:events:519:28)\n    at emitCloseNT (node:net:2419:8)\n    at process.processTicksAndRejections (node:internal/process/task_queues:88:21)","timestamp":"2026-04-20T03:27:59.179Z"}
{"force":false,"level":"info","message":"Disconnecting from MongoDB...","service":"api","timestamp":"2025-06-22 03:49:56"}
{"attempt":1,"level":"info","maxRetries":5,"message":"Attempting to connect to MongoDB...","service":"api","timestamp":"2025-06-22 03:49:56"}
{"host":"ac-gc0ygai-shard-00-00.ehcg02t.mongodb.net","level":"info","message":"MongoDB connected successfully","name":"test","port":27017,"service":"api","timestamp":"2025-06-22 03:49:56"}
{"attempt":1,"level":"info","maxRetries":5,"message":"Attempting to connect to MongoDB...","service":"api","timestamp":"2025-06-22 03:49:56"}
{"host":"ac-gc0ygai-shard-00-00.ehcg02t.mongodb.net","level":"info","message":"MongoDB connected successfully","name":"test","port":27017,"service":"api","timestamp":"2025-06-22 03:49:56"}
{"level":"error","message":"Application startup failed: userController.initAdminUser is not a function","service":"api","stack":"TypeError: userController.initAdminUser is not a function\n    at Application.start (file:///C:/AWS/n8n-web/server/index.js:109:28)\n    at process.processTicksAndRejections (node:internal/process/task_queues:103:5)","timestamp":"2026-04-20T03:31:03.821Z"}
{"level":"info","message":"Shutting down server...","service":"api","timestamp":"2026-04-20T03:31:03.822Z"}
{"code":"ERR_SERVER_NOT_RUNNING","level":"error","message":"Error during server shutdown: Server is not running.","service":"api","stack":"Error [ERR_SERVER_NOT_RUNNING]: Server is not running.\n    at Server.close (node:net:2359:12)\n    at Object.onceWrapper (node:events:633:28)\n    at Server.emit (node:events:519:28)\n    at emitCloseNT (node:net:2419:8)\n    at process.processTicksAndRejections (node:internal/process/task_queues:88:21)","timestamp":"2026-04-20T03:31:03.823Z"}
{"force":false,"level":"info","message":"Disconnecting from MongoDB...","service":"api","timestamp":"2025-06-22 03:49:56"}
{"attempt":1,"level":"info","maxRetries":5,"message":"Attempting to connect to MongoDB...","service":"api","timestamp":"2025-06-22 03:49:56"}
{"host":"ac-gc0ygai-shard-00-01.ehcg02t.mongodb.net","level":"info","message":"MongoDB connected successfully","name":"test","port":27017,"service":"api","timestamp":"2025-06-22 03:49:56"}
{"attempt":1,"level":"info","maxRetries":5,"message":"Attempting to connect to MongoDB...","service":"api","timestamp":"2025-06-22 03:49:56"}
{"host":"ac-gc0ygai-shard-00-00.ehcg02t.mongodb.net","level":"info","message":"MongoDB connected successfully","name":"test","port":27017,"service":"api","timestamp":"2025-06-22 03:49:56"}
{"attempt":1,"level":"info","maxRetries":5,"message":"Attempting to connect to MongoDB...","service":"api","timestamp":"2025-06-22 03:49:56"}
{"host":"ac-gc0ygai-shard-00-02.ehcg02t.mongodb.net","level":"info","message":"MongoDB connected successfully","name":"test","port":27017,"service":"api","timestamp":"2025-06-22 03:49:56"}
{"level":"error","message":"Application startup failed: userController.initAdminUser is not a function","service":"api","stack":"TypeError: userController.initAdminUser is not a function\n    at Application.start (file:///C:/AWS/n8n-web/server/index.js:109:28)\n    at process.processTicksAndRejections (node:internal/process/task_queues:103:5)","timestamp":"2026-04-20T03:31:24.111Z"}
{"level":"info","message":"Shutting down server...","service":"api","timestamp":"2026-04-20T03:31:24.113Z"}
{"code":"ERR_SERVER_NOT_RUNNING","level":"error","message":"Error during server shutdown: Server is not running.","service":"api","stack":"Error [ERR_SERVER_NOT_RUNNING]: Server is not running.\n    at Server.close (node:net:2359:12)\n    at Object.onceWrapper (node:events:633:28)\n    at Server.emit (node:events:519:28)\n    at emitCloseNT (node:net:2419:8)\n    at process.processTicksAndRejections (node:internal/process/task_queues:88:21)","timestamp":"2026-04-20T03:31:24.114Z"}
{"force":false,"level":"info","message":"Disconnecting from MongoDB...","service":"api","timestamp":"2025-06-22 03:49:56"}
{"attempt":1,"level":"info","maxRetries":5,"message":"Attempting to connect to MongoDB...","service":"api","timestamp":"2025-06-22 03:49:56"}
{"host":"ac-gc0ygai-shard-00-02.ehcg02t.mongodb.net","level":"info","message":"MongoDB connected successfully","name":"test","port":27017,"service":"api","timestamp":"2025-06-22 03:49:56"}
{"level":"error","message":"Application startup failed: logError is not defined","service":"api","stack":"ReferenceError: logError is not defined\n    at Object.initAdminUser (file:///C:/AWS/n8n-web/server/src/controllers/user.controller.js:31:5)\n    at Application.start (file:///C:/AWS/n8n-web/server/index.js:109:28)\n    at process.processTicksAndRejections (node:internal/process/task_queues:103:5)","timestamp":"2026-04-20T03:33:26.086Z"}
{"level":"info","message":"Shutting down server...","service":"api","timestamp":"2026-04-20T03:33:26.088Z"}
{"code":"ERR_SERVER_NOT_RUNNING","level":"error","message":"Error during server shutdown: Server is not running.","service":"api","stack":"Error [ERR_SERVER_NOT_RUNNING]: Server is not running.\n    at Server.close (node:net:2359:12)\n    at Object.onceWrapper (node:events:633:28)\n    at Server.emit (node:events:519:28)\n    at emitCloseNT (node:net:2419:8)\n    at process.processTicksAndRejections (node:internal/process/task_queues:88:21)","timestamp":"2026-04-20T03:33:26.089Z"}
{"force":false,"level":"info","message":"Disconnecting from MongoDB...","service":"api","timestamp":"2025-06-22 03:49:56"}
{"attempt":1,"level":"info","maxRetries":5,"message":"Attempting to connect to MongoDB...","service":"api","timestamp":"2025-06-22 03:49:56"}
{"host":"ac-gc0ygai-shard-00-01.ehcg02t.mongodb.net","level":"info","message":"MongoDB connected successfully","name":"test","port":27017,"service":"api","timestamp":"2025-06-22 03:49:56"}
{"attempt":1,"level":"info","maxRetries":5,"message":"Attempting to connect to MongoDB...","service":"api","timestamp":"2025-06-22 03:49:56"}
{"host":"ac-gc0ygai-shard-00-02.ehcg02t.mongodb.net","level":"info","message":"MongoDB connected successfully","name":"test","port":27017,"service":"api","timestamp":"2025-06-22 03:49:56"}
{"level":"error","message":"Application startup failed: logError is not defined","service":"api","stack":"ReferenceError: logError is not defined\n    at Object.initAdminUser (file:///C:/AWS/n8n-web/server/src/controllers/user.controller.js:29:5)\n    at Application.start (file:///C:/AWS/n8n-web/server/index.js:109:28)\n    at process.processTicksAndRejections (node:internal/process/task_queues:103:5)","timestamp":"2026-04-20T03:34:01.809Z"}
{"level":"info","message":"Shutting down server...","service":"api","timestamp":"2026-04-20T03:34:01.811Z"}
{"code":"ERR_SERVER_NOT_RUNNING","level":"error","message":"Error during server shutdown: Server is not running.","service":"api","stack":"Error [ERR_SERVER_NOT_RUNNING]: Server is not running.\n    at Server.close (node:net:2359:12)\n    at Object.onceWrapper (node:events:633:28)\n    at Server.emit (node:events:519:28)\n    at emitCloseNT (node:net:2419:8)\n    at process.processTicksAndRejections (node:internal/process/task_queues:88:21)","timestamp":"2026-04-20T03:34:01.812Z"}
{"force":false,"level":"info","message":"Disconnecting from MongoDB...","service":"api","timestamp":"2025-06-22 03:49:56"}
{"attempt":1,"level":"info","maxRetries":5,"message":"Attempting to connect to MongoDB...","service":"api","timestamp":"2025-06-22 03:49:56"}
{"host":"ac-gc0ygai-shard-00-01.ehcg02t.mongodb.net","level":"info","message":"MongoDB connected successfully","name":"test","port":27017,"service":"api","timestamp":"2025-06-22 03:49:56"}
{"level":"error","message":"\u001b[33m[2026-04-20 03:35:08]\u001b[39m \u001b[91mReferenceError: userService is not defined\u001b[39m","service":"api","timestamp":"2026-04-20T03:35:08.793Z"}
{"level":"error","message":"\u001b[1m  at file:///C:/AWS/n8n-web/server/src/controllers/user.controller.js:6:27\u001b[22m","service":"api","timestamp":"2026-04-20T03:35:08.794Z"}
{"level":"error","message":"\u001b[1m  at file:///C:/AWS/n8n-web/server/index.js:109:28\u001b[22m","service":"api","timestamp":"2026-04-20T03:35:08.794Z"}
{"level":"error","message":"\u001b[1m  at node:internal/process/task_queues:103:5\u001b[22m","service":"api","timestamp":"2026-04-20T03:35:08.795Z"}
{"level":"info","message":"Server listening on port 5000","service":"api","timestamp":"2026-04-20T03:35:08.799Z"}
{"attempt":1,"level":"info","maxRetries":5,"message":"Attempting to connect to MongoDB...","service":"api","timestamp":"2025-06-22 03:49:56"}
{"host":"ac-gc0ygai-shard-00-00.ehcg02t.mongodb.net","level":"info","message":"MongoDB connected successfully","name":"test","port":27017,"service":"api","timestamp":"2025-06-22 03:49:56"}
{"level":"error","message":"\u001b[33m[2026-04-20 03:35:10]\u001b[39m \u001b[91mReferenceError: userService is not defined\u001b[39m","service":"api","timestamp":"2026-04-20T03:35:10.226Z"}
{"level":"error","message":"\u001b[1m  at file:///C:/AWS/n8n-web/server/src/controllers/user.controller.js:6:27\u001b[22m","service":"api","timestamp":"2026-04-20T03:35:10.226Z"}
{"level":"error","message":"\u001b[1m  at file:///C:/AWS/n8n-web/server/index.js:109:28\u001b[22m","service":"api","timestamp":"2026-04-20T03:35:10.227Z"}
{"level":"error","message":"\u001b[1m  at node:internal/process/task_queues:103:5\u001b[22m","service":"api","timestamp":"2026-04-20T03:35:10.227Z"}
{"level":"info","message":"Server listening on port 5000","service":"api","timestamp":"2026-04-20T03:35:10.229Z"}
{"attempt":1,"level":"info","maxRetries":5,"message":"Attempting to connect to MongoDB...","service":"api","timestamp":"2025-06-22 03:49:56"}
{"host":"ac-gc0ygai-shard-00-00.ehcg02t.mongodb.net","level":"info","message":"MongoDB connected successfully","name":"test","port":27017,"service":"api","timestamp":"2025-06-22 03:49:56"}
{"level":"error","message":"\u001b[33m[2026-04-20 03:36:31]\u001b[39m \u001b[91mReferenceError: userService is not defined\u001b[39m","service":"api","timestamp":"2026-04-20T03:36:31.641Z"}
{"level":"error","message":"\u001b[1m  at file:///C:/AWS/n8n-web/server/src/controllers/user.controller.js:6:27\u001b[22m","service":"api","timestamp":"2026-04-20T03:36:31.641Z"}
{"level":"error","message":"\u001b[1m  at file:///C:/AWS/n8n-web/server/index.js:109:28\u001b[22m","service":"api","timestamp":"2026-04-20T03:36:31.642Z"}
{"level":"error","message":"\u001b[1m  at node:internal/process/task_queues:103:5\u001b[22m","service":"api","timestamp":"2026-04-20T03:36:31.642Z"}
{"level":"info","message":"Server listening on port 5000","service":"api","timestamp":"2026-04-20T03:36:31.644Z"}
{"attempt":1,"level":"info","maxRetries":5,"message":"Attempting to connect to MongoDB...","service":"api","timestamp":"2025-06-22 03:49:56"}
{"host":"ac-gc0ygai-shard-00-00.ehcg02t.mongodb.net","level":"info","message":"MongoDB connected successfully","name":"test","port":27017,"service":"api","timestamp":"2025-06-22 03:49:56"}
{"level":"error","message":"\u001b[33m[2026-04-20 03:37:05]\u001b[39m \u001b[91mReferenceError: userService is not defined\u001b[39m","service":"api","timestamp":"2026-04-20T03:37:05.870Z"}
{"level":"error","message":"\u001b[1m  at file:///C:/AWS/n8n-web/server/src/controllers/user.controller.js:6:27\u001b[22m","service":"api","timestamp":"2026-04-20T03:37:05.870Z"}
{"level":"error","message":"\u001b[1m  at file:///C:/AWS/n8n-web/server/index.js:109:28\u001b[22m","service":"api","timestamp":"2026-04-20T03:37:05.871Z"}
{"level":"error","message":"\u001b[1m  at node:internal/process/task_queues:103:5\u001b[22m","service":"api","timestamp":"2026-04-20T03:37:05.871Z"}
{"level":"info","message":"Server listening on port 5000","service":"api","timestamp":"2026-04-20T03:37:05.873Z"}
{"attempt":1,"level":"info","maxRetries":5,"message":"Attempting to connect to MongoDB...","service":"api","timestamp":"2025-06-22 03:49:56"}
{"host":"ac-gc0ygai-shard-00-02.ehcg02t.mongodb.net","level":"info","message":"MongoDB connected successfully","name":"test","port":27017,"service":"api","timestamp":"2025-06-22 03:49:56"}
{"level":"error","message":"\u001b[33m[2026-04-20 03:37:13]\u001b[39m \u001b[91mReferenceError: userService is not defined\u001b[39m","service":"api","timestamp":"2026-04-20T03:37:13.394Z"}
{"level":"error","message":"\u001b[1m  at file:///C:/AWS/n8n-web/server/src/controllers/user.controller.js:6:27\u001b[22m","service":"api","timestamp":"2026-04-20T03:37:13.395Z"}
{"level":"error","message":"\u001b[1m  at file:///C:/AWS/n8n-web/server/index.js:109:28\u001b[22m","service":"api","timestamp":"2026-04-20T03:37:13.395Z"}
{"level":"error","message":"\u001b[1m  at node:internal/process/task_queues:103:5\u001b[22m","service":"api","timestamp":"2026-04-20T03:37:13.395Z"}
{"level":"info","message":"Server listening on port 5000","service":"api","timestamp":"2026-04-20T03:37:13.397Z"}
{"attempt":1,"level":"info","maxRetries":5,"message":"Attempting to connect to MongoDB...","service":"api","timestamp":"2025-06-22 03:49:56"}
{"host":"ac-gc0ygai-shard-00-00.ehcg02t.mongodb.net","level":"info","message":"MongoDB connected successfully","name":"test","port":27017,"service":"api","timestamp":"2025-06-22 03:49:56"}
{"level":"error","message":"\u001b[33m[2026-04-20 03:37:23]\u001b[39m \u001b[91mReferenceError: userService is not defined\u001b[39m","service":"api","timestamp":"2026-04-20T03:37:23.374Z"}
{"level":"error","message":"\u001b[1m  at file:///C:/AWS/n8n-web/server/src/controllers/user.controller.js:6:27\u001b[22m","service":"api","timestamp":"2026-04-20T03:37:23.375Z"}
{"level":"error","message":"\u001b[1m  at file:///C:/AWS/n8n-web/server/index.js:109:28\u001b[22m","service":"api","timestamp":"2026-04-20T03:37:23.375Z"}
{"level":"error","message":"\u001b[1m  at node:internal/process/task_queues:103:5\u001b[22m","service":"api","timestamp":"2026-04-20T03:37:23.375Z"}
{"level":"info","message":"Server listening on port 5000","service":"api","timestamp":"2026-04-20T03:37:23.377Z"}
{"attempt":1,"level":"info","maxRetries":5,"message":"Attempting to connect to MongoDB...","service":"api","timestamp":"2025-06-22 03:49:56"}
{"host":"ac-gc0ygai-shard-00-01.ehcg02t.mongodb.net","level":"info","message":"MongoDB connected successfully","name":"test","port":27017,"service":"api","timestamp":"2025-06-22 03:49:56"}
{"level":"error","message":"\u001b[33m[2026-04-20 03:37:28]\u001b[39m \u001b[91mReferenceError: userService is not defined\u001b[39m","service":"api","timestamp":"2026-04-20T03:37:28.798Z"}
{"level":"error","message":"\u001b[1m  at file:///C:/AWS/n8n-web/server/src/controllers/user.controller.js:6:27\u001b[22m","service":"api","timestamp":"2026-04-20T03:37:28.799Z"}
{"level":"error","message":"\u001b[1m  at file:///C:/AWS/n8n-web/server/index.js:109:28\u001b[22m","service":"api","timestamp":"2026-04-20T03:37:28.799Z"}
{"level":"error","message":"\u001b[1m  at node:internal/process/task_queues:103:5\u001b[22m","service":"api","timestamp":"2026-04-20T03:37:28.799Z"}
{"level":"info","message":"Server listening on port 5000","service":"api","timestamp":"2026-04-20T03:37:28.801Z"}
{"attempt":1,"level":"info","maxRetries":5,"message":"Attempting to connect to MongoDB...","service":"api","timestamp":"2025-06-22 03:49:56"}
{"host":"ac-gc0ygai-shard-00-02.ehcg02t.mongodb.net","level":"info","message":"MongoDB connected successfully","name":"test","port":27017,"service":"api","timestamp":"2025-06-22 03:49:56"}
{"level":"error","message":"\u001b[33m[2026-04-20 03:37:37]\u001b[39m \u001b[91mReferenceError: userService is not defined\u001b[39m","service":"api","timestamp":"2026-04-20T03:37:37.687Z"}
{"level":"error","message":"\u001b[1m  at file:///C:/AWS/n8n-web/server/src/controllers/user.controller.js:6:27\u001b[22m","service":"api","timestamp":"2026-04-20T03:37:37.688Z"}
{"level":"error","message":"\u001b[1m  at file:///C:/AWS/n8n-web/server/index.js:109:28\u001b[22m","service":"api","timestamp":"2026-04-20T03:37:37.688Z"}
{"level":"error","message":"\u001b[1m  at node:internal/process/task_queues:103:5\u001b[22m","service":"api","timestamp":"2026-04-20T03:37:37.688Z"}
{"level":"info","message":"Server listening on port 5000","service":"api","timestamp":"2026-04-20T03:37:37.690Z"}
{"attempt":1,"level":"info","maxRetries":5,"message":"Attempting to connect to MongoDB...","service":"api","timestamp":"2025-06-22 03:49:56"}
{"host":"ac-gc0ygai-shard-00-00.ehcg02t.mongodb.net","level":"info","message":"MongoDB connected successfully","name":"test","port":27017,"service":"api","timestamp":"2025-06-22 03:49:56"}
{"level":"error","message":"\u001b[33m[2026-04-20 03:37:51]\u001b[39m \u001b[91mReferenceError: userService is not defined\u001b[39m","service":"api","timestamp":"2026-04-20T03:37:51.584Z"}
{"level":"error","message":"\u001b[1m  at file:///C:/AWS/n8n-web/server/src/controllers/user.controller.js:6:27\u001b[22m","service":"api","timestamp":"2026-04-20T03:37:51.584Z"}
{"level":"error","message":"\u001b[1m  at file:///C:/AWS/n8n-web/server/index.js:109:28\u001b[22m","service":"api","timestamp":"2026-04-20T03:37:51.584Z"}
{"level":"error","message":"\u001b[1m  at node:internal/process/task_queues:103:5\u001b[22m","service":"api","timestamp":"2026-04-20T03:37:51.585Z"}
{"level":"info","message":"Server listening on port 5000","service":"api","timestamp":"2026-04-20T03:37:51.586Z"}
{"attempt":1,"level":"info","maxRetries":5,"message":"Attempting to connect to MongoDB...","service":"api","timestamp":"2025-06-22 03:49:56"}
{"host":"ac-gc0ygai-shard-00-01.ehcg02t.mongodb.net","level":"info","message":"MongoDB connected successfully","name":"test","port":27017,"service":"api","timestamp":"2025-06-22 03:49:56"}
{"level":"error","message":"\u001b[33m[2026-04-20 03:38:11]\u001b[39m \u001b[91mReferenceError: userService is not defined\u001b[39m","service":"api","timestamp":"2026-04-20T03:38:11.996Z"}
{"level":"error","message":"\u001b[1m  at file:///C:/AWS/n8n-web/server/src/controllers/user.controller.js:6:27\u001b[22m","service":"api","timestamp":"2026-04-20T03:38:11.997Z"}
{"level":"error","message":"\u001b[1m  at file:///C:/AWS/n8n-web/server/index.js:109:28\u001b[22m","service":"api","timestamp":"2026-04-20T03:38:11.997Z"}
{"level":"error","message":"\u001b[1m  at node:internal/process/task_queues:103:5\u001b[22m","service":"api","timestamp":"2026-04-20T03:38:11.997Z"}
{"level":"info","message":"Server listening on port 5000","service":"api","timestamp":"2026-04-20T03:38:11.999Z"}
{"attempt":1,"level":"info","maxRetries":5,"message":"Attempting to connect to MongoDB...","service":"api","timestamp":"2025-06-22 03:49:56"}
{"host":"ac-gc0ygai-shard-00-02.ehcg02t.mongodb.net","level":"info","message":"MongoDB connected successfully","name":"test","port":27017,"service":"api","timestamp":"2025-06-22 03:49:56"}
{"level":"error","message":"\u001b[33m[2026-04-20 03:38:21]\u001b[39m \u001b[91mReferenceError: userService is not defined\u001b[39m","service":"api","timestamp":"2026-04-20T03:38:21.013Z"}
{"level":"error","message":"\u001b[1m  at file:///C:/AWS/n8n-web/server/src/controllers/user.controller.js:6:27\u001b[22m","service":"api","timestamp":"2026-04-20T03:38:21.013Z"}
{"level":"error","message":"\u001b[1m  at file:///C:/AWS/n8n-web/server/index.js:109:28\u001b[22m","service":"api","timestamp":"2026-04-20T03:38:21.014Z"}
{"level":"error","message":"\u001b[1m  at node:internal/process/task_queues:103:5\u001b[22m","service":"api","timestamp":"2026-04-20T03:38:21.014Z"}
{"level":"info","message":"Server listening on port 5000","service":"api","timestamp":"2026-04-20T03:38:21.016Z"}
{"attempt":1,"level":"info","maxRetries":5,"message":"Attempting to connect to MongoDB...","service":"api","timestamp":"2025-06-22 03:49:56"}
{"attempt":1,"level":"info","maxRetries":5,"message":"Attempting to connect to MongoDB...","service":"api","timestamp":"2025-06-22 03:49:56"}
{"host":"ac-gc0ygai-shard-00-00.ehcg02t.mongodb.net","level":"info","message":"MongoDB connected successfully","name":"test","port":27017,"service":"api","timestamp":"2025-06-22 03:49:56"}
{"level":"error","message":"\u001b[33m[2026-04-20 03:38:37]\u001b[39m \u001b[91mReferenceError: userService is not defined\u001b[39m","service":"api","timestamp":"2026-04-20T03:38:37.752Z"}
{"level":"error","message":"\u001b[1m  at file:///C:/AWS/n8n-web/server/src/controllers/user.controller.js:6:27\u001b[22m","service":"api","timestamp":"2026-04-20T03:38:37.753Z"}
{"level":"error","message":"\u001b[1m  at file:///C:/AWS/n8n-web/server/index.js:109:28\u001b[22m","service":"api","timestamp":"2026-04-20T03:38:37.753Z"}
{"level":"error","message":"\u001b[1m  at node:internal/process/task_queues:103:5\u001b[22m","service":"api","timestamp":"2026-04-20T03:38:37.753Z"}
{"level":"info","message":"Server listening on port 5000","service":"api","timestamp":"2026-04-20T03:38:37.755Z"}
{"attempt":1,"level":"info","maxRetries":5,"message":"Attempting to connect to MongoDB...","service":"api","timestamp":"2025-06-22 03:49:56"}
{"host":"ac-gc0ygai-shard-00-02.ehcg02t.mongodb.net","level":"info","message":"MongoDB connected successfully","name":"test","port":27017,"service":"api","timestamp":"2025-06-22 03:49:56"}
{"level":"error","message":"\u001b[33m[2026-04-20 03:38:56]\u001b[39m \u001b[91mReferenceError: userService is not defined\u001b[39m","service":"api","timestamp":"2026-04-20T03:38:56.689Z"}
{"level":"error","message":"\u001b[1m  at file:///C:/AWS/n8n-web/server/src/controllers/user.controller.js:6:27\u001b[22m","service":"api","timestamp":"2026-04-20T03:38:56.689Z"}
{"level":"error","message":"\u001b[1m  at file:///C:/AWS/n8n-web/server/index.js:109:28\u001b[22m","service":"api","timestamp":"2026-04-20T03:38:56.689Z"}
{"level":"error","message":"\u001b[1m  at node:internal/process/task_queues:103:5\u001b[22m","service":"api","timestamp":"2026-04-20T03:38:56.689Z"}
{"level":"info","message":"Server listening on port 5000","service":"api","timestamp":"2026-04-20T03:38:56.691Z"}
{"attempt":1,"level":"info","maxRetries":5,"message":"Attempting to connect to MongoDB...","service":"api","timestamp":"2025-06-22 03:49:56"}
{"host":"ac-gc0ygai-shard-00-02.ehcg02t.mongodb.net","level":"info","message":"MongoDB connected successfully","name":"test","port":27017,"service":"api","timestamp":"2025-06-22 03:49:56"}
{"level":"error","message":"\u001b[33m[2026-04-20 03:39:17]\u001b[39m \u001b[91mReferenceError: userService is not defined\u001b[39m","service":"api","timestamp":"2026-04-20T03:39:17.012Z"}
{"level":"error","message":"\u001b[1m  at file:///C:/AWS/n8n-web/server/src/controllers/user.controller.js:6:27\u001b[22m","service":"api","timestamp":"2026-04-20T03:39:17.013Z"}
{"level":"error","message":"\u001b[1m  at file:///C:/AWS/n8n-web/server/index.js:109:28\u001b[22m","service":"api","timestamp":"2026-04-20T03:39:17.013Z"}
{"level":"error","message":"\u001b[1m  at node:internal/process/task_queues:103:5\u001b[22m","service":"api","timestamp":"2026-04-20T03:39:17.013Z"}
{"level":"info","message":"Server listening on port 5000","service":"api","timestamp":"2026-04-20T03:39:17.015Z"}
{"attempt":1,"level":"info","maxRetries":5,"message":"Attempting to connect to MongoDB...","service":"api","timestamp":"2025-06-22 03:49:56"}
{"host":"ac-gc0ygai-shard-00-00.ehcg02t.mongodb.net","level":"info","message":"MongoDB connected successfully","name":"test","port":27017,"service":"api","timestamp":"2025-06-22 03:49:56"}
{"level":"error","message":"\u001b[33m[2026-04-20 03:39:24]\u001b[39m \u001b[91mReferenceError: userService is not defined\u001b[39m","service":"api","timestamp":"2026-04-20T03:39:24.602Z"}
{"level":"error","message":"\u001b[1m  at file:///C:/AWS/n8n-web/server/src/controllers/user.controller.js:6:27\u001b[22m","service":"api","timestamp":"2026-04-20T03:39:24.603Z"}
{"level":"error","message":"\u001b[1m  at file:///C:/AWS/n8n-web/server/index.js:109:28\u001b[22m","service":"api","timestamp":"2026-04-20T03:39:24.603Z"}
{"level":"error","message":"\u001b[1m  at node:internal/process/task_queues:103:5\u001b[22m","service":"api","timestamp":"2026-04-20T03:39:24.604Z"}
{"level":"info","message":"Server listening on port 5000","service":"api","timestamp":"2026-04-20T03:39:24.605Z"}
{"attempt":1,"level":"info","maxRetries":5,"message":"Attempting to connect to MongoDB...","service":"api","timestamp":"2025-06-22 03:49:56"}
{"host":"ac-gc0ygai-shard-00-01.ehcg02t.mongodb.net","level":"info","message":"MongoDB connected successfully","name":"test","port":27017,"service":"api","timestamp":"2025-06-22 03:49:56"}
{"level":"error","message":"\u001b[33m[2026-04-20 03:40:19]\u001b[39m \u001b[91mReferenceError: userService is not defined\u001b[39m","service":"api","timestamp":"2026-04-20T03:40:19.929Z"}
{"level":"error","message":"\u001b[1m  at file:///C:/AWS/n8n-web/server/src/controllers/user.controller.js:6:27\u001b[22m","service":"api","timestamp":"2026-04-20T03:40:19.930Z"}
{"level":"error","message":"\u001b[1m  at file:///C:/AWS/n8n-web/server/index.js:109:28\u001b[22m","service":"api","timestamp":"2026-04-20T03:40:19.930Z"}
{"level":"error","message":"\u001b[1m  at node:internal/process/task_queues:103:5\u001b[22m","service":"api","timestamp":"2026-04-20T03:40:19.930Z"}
{"level":"info","message":"Server listening on port 5000","service":"api","timestamp":"2026-04-20T03:40:19.932Z"}
{"attempt":1,"level":"info","maxRetries":5,"message":"Attempting to connect to MongoDB...","service":"api","timestamp":"2025-06-22 03:49:56"}
{"attempt":1,"level":"info","maxRetries":5,"message":"Attempting to connect to MongoDB...","service":"api","timestamp":"2025-06-22 03:49:56"}
{"host":"ac-gc0ygai-shard-00-01.ehcg02t.mongodb.net","level":"info","message":"MongoDB connected successfully","name":"test","port":27017,"service":"api","timestamp":"2025-06-22 03:49:56"}
{"level":"error","message":"\u001b[33m[2026-04-20 03:40:26]\u001b[39m \u001b[91mReferenceError: userService is not defined\u001b[39m","service":"api","timestamp":"2026-04-20T03:40:26.188Z"}
{"level":"error","message":"\u001b[1m  at file:///C:/AWS/n8n-web/server/src/controllers/user.controller.js:6:27\u001b[22m","service":"api","timestamp":"2026-04-20T03:40:26.188Z"}
{"level":"error","message":"\u001b[1m  at file:///C:/AWS/n8n-web/server/index.js:109:28\u001b[22m","service":"api","timestamp":"2026-04-20T03:40:26.189Z"}
{"level":"error","message":"\u001b[1m  at node:internal/process/task_queues:103:5\u001b[22m","service":"api","timestamp":"2026-04-20T03:40:26.189Z"}
{"level":"info","message":"Server listening on port 5000","service":"api","timestamp":"2026-04-20T03:40:26.191Z"}
{"attempt":1,"level":"info","maxRetries":5,"message":"Attempting to connect to MongoDB...","service":"api","timestamp":"2025-06-22 03:49:56"}
{"host":"ac-gc0ygai-shard-00-00.ehcg02t.mongodb.net","level":"info","message":"MongoDB connected successfully","name":"test","port":27017,"service":"api","timestamp":"2025-06-22 03:49:56"}
{"level":"error","message":"\u001b[33m[2026-04-20 03:40:28]\u001b[39m \u001b[91mReferenceError: userService is not defined\u001b[39m","service":"api","timestamp":"2026-04-20T03:40:28.996Z"}
{"level":"error","message":"\u001b[1m  at file:///C:/AWS/n8n-web/server/src/controllers/user.controller.js:6:27\u001b[22m","service":"api","timestamp":"2026-04-20T03:40:28.996Z"}
{"level":"error","message":"\u001b[1m  at file:///C:/AWS/n8n-web/server/index.js:109:28\u001b[22m","service":"api","timestamp":"2026-04-20T03:40:28.997Z"}
{"level":"error","message":"\u001b[1m  at node:internal/process/task_queues:103:5\u001b[22m","service":"api","timestamp":"2026-04-20T03:40:28.997Z"}
{"level":"info","message":"Server listening on port 5000","service":"api","timestamp":"2026-04-20T03:40:28.999Z"}
{"attempt":1,"level":"info","maxRetries":5,"message":"Attempting to connect to MongoDB...","service":"api","timestamp":"2025-06-22 03:49:56"}
{"host":"ac-gc0ygai-shard-00-02.ehcg02t.mongodb.net","level":"info","message":"MongoDB connected successfully","name":"test","port":27017,"service":"api","timestamp":"2025-06-22 03:49:56"}
{"level":"error","message":"\u001b[33m[2026-04-20 03:40:32]\u001b[39m \u001b[91mReferenceError: userService is not defined\u001b[39m","service":"api","timestamp":"2026-04-20T03:40:32.320Z"}
{"level":"error","message":"\u001b[1m  at file:///C:/AWS/n8n-web/server/src/controllers/user.controller.js:6:27\u001b[22m","service":"api","timestamp":"2026-04-20T03:40:32.320Z"}
{"level":"error","message":"\u001b[1m  at file:///C:/AWS/n8n-web/server/index.js:109:28\u001b[22m","service":"api","timestamp":"2026-04-20T03:40:32.320Z"}
{"level":"error","message":"\u001b[1m  at node:internal/process/task_queues:103:5\u001b[22m","service":"api","timestamp":"2026-04-20T03:40:32.321Z"}
{"level":"info","message":"Server listening on port 5000","service":"api","timestamp":"2026-04-20T03:40:32.323Z"}
{"attempt":1,"level":"info","maxRetries":5,"message":"Attempting to connect to MongoDB...","service":"api","timestamp":"2025-06-22 03:49:56"}
{"host":"ac-gc0ygai-shard-00-01.ehcg02t.mongodb.net","level":"info","message":"MongoDB connected successfully","name":"test","port":27017,"service":"api","timestamp":"2025-06-22 03:49:56"}
{"level":"error","message":"\u001b[33m[2026-04-20 03:40:36]\u001b[39m \u001b[91mReferenceError: userService is not defined\u001b[39m","service":"api","timestamp":"2026-04-20T03:40:36.463Z"}
{"level":"error","message":"\u001b[1m  at file:///C:/AWS/n8n-web/server/src/controllers/user.controller.js:6:27\u001b[22m","service":"api","timestamp":"2026-04-20T03:40:36.464Z"}
{"level":"error","message":"\u001b[1m  at file:///C:/AWS/n8n-web/server/index.js:109:28\u001b[22m","service":"api","timestamp":"2026-04-20T03:40:36.464Z"}
{"level":"error","message":"\u001b[1m  at node:internal/process/task_queues:103:5\u001b[22m","service":"api","timestamp":"2026-04-20T03:40:36.464Z"}
{"level":"info","message":"Server listening on port 5000","service":"api","timestamp":"2026-04-20T03:40:36.466Z"}
{"attempt":1,"level":"info","maxRetries":5,"message":"Attempting to connect to MongoDB...","service":"api","timestamp":"2025-06-22 03:49:56"}
{"host":"ac-gc0ygai-shard-00-02.ehcg02t.mongodb.net","level":"info","message":"MongoDB connected successfully","name":"test","port":27017,"service":"api","timestamp":"2025-06-22 03:49:56"}
{"level":"error","message":"\u001b[33m[2026-04-20 03:40:51]\u001b[39m \u001b[91mReferenceError: userService is not defined\u001b[39m","service":"api","timestamp":"2026-04-20T03:40:51.455Z"}
{"level":"error","message":"\u001b[1m  at file:///C:/AWS/n8n-web/server/src/controllers/user.controller.js:6:27\u001b[22m","service":"api","timestamp":"2026-04-20T03:40:51.455Z"}
{"level":"error","message":"\u001b[1m  at file:///C:/AWS/n8n-web/server/index.js:109:28\u001b[22m","service":"api","timestamp":"2026-04-20T03:40:51.456Z"}
{"level":"error","message":"\u001b[1m  at node:internal/process/task_queues:103:5\u001b[22m","service":"api","timestamp":"2026-04-20T03:40:51.456Z"}
{"level":"info","message":"Server listening on port 5000","service":"api","timestamp":"2026-04-20T03:40:51.458Z"}
{"attempt":1,"level":"info","maxRetries":5,"message":"Attempting to connect to MongoDB...","service":"api","timestamp":"2025-06-22 03:49:56"}
{"host":"ac-gc0ygai-shard-00-01.ehcg02t.mongodb.net","level":"info","message":"MongoDB connected successfully","name":"test","port":27017,"service":"api","timestamp":"2025-06-22 03:49:56"}
{"level":"error","message":"\u001b[33m[2026-04-20 03:40:56]\u001b[39m \u001b[91mReferenceError: userService is not defined\u001b[39m","service":"api","timestamp":"2026-04-20T03:40:56.874Z"}
{"level":"error","message":"\u001b[1m  at file:///C:/AWS/n8n-web/server/src/controllers/user.controller.js:6:27\u001b[22m","service":"api","timestamp":"2026-04-20T03:40:56.875Z"}
{"level":"error","message":"\u001b[1m  at file:///C:/AWS/n8n-web/server/index.js:109:28\u001b[22m","service":"api","timestamp":"2026-04-20T03:40:56.875Z"}
{"level":"error","message":"\u001b[1m  at node:internal/process/task_queues:103:5\u001b[22m","service":"api","timestamp":"2026-04-20T03:40:56.875Z"}
{"level":"info","message":"Server listening on port 5000","service":"api","timestamp":"2026-04-20T03:40:56.877Z"}
{"level":"info","message":"Received SIGINT, starting graceful shutdown","service":"api","timestamp":"2026-04-20T03:41:02.042Z"}
{"attempt":1,"level":"info","maxRetries":5,"message":"Attempting to connect to MongoDB...","service":"api","timestamp":"2025-06-22 03:49:56"}
{"host":"ac-gc0ygai-shard-00-00.ehcg02t.mongodb.net","level":"info","message":"MongoDB connected successfully","name":"test","port":27017,"service":"api","timestamp":"2025-06-22 03:49:56"}
{"level":"error","message":"\u001b[33m[2026-04-20 03:41:06]\u001b[39m \u001b[91mReferenceError: userService is not defined\u001b[39m","service":"api","timestamp":"2026-04-20T03:41:06.190Z"}
{"level":"error","message":"\u001b[1m  at file:///C:/AWS/n8n-web/server/src/controllers/user.controller.js:6:27\u001b[22m","service":"api","timestamp":"2026-04-20T03:41:06.191Z"}
{"level":"error","message":"\u001b[1m  at file:///C:/AWS/n8n-web/server/index.js:109:28\u001b[22m","service":"api","timestamp":"2026-04-20T03:41:06.191Z"}
{"level":"error","message":"\u001b[1m  at node:internal/process/task_queues:103:5\u001b[22m","service":"api","timestamp":"2026-04-20T03:41:06.191Z"}
{"level":"info","message":"Server listening on port 5000","service":"api","timestamp":"2026-04-20T03:41:06.193Z"}
{"attempt":1,"level":"info","maxRetries":5,"message":"Attempting to connect to MongoDB...","service":"api","timestamp":"2025-06-22 03:49:56"}
{"host":"ac-gc0ygai-shard-00-00.ehcg02t.mongodb.net","level":"info","message":"MongoDB connected successfully","name":"test","port":27017,"service":"api","timestamp":"2025-06-22 03:49:56"}
{"level":"error","message":"\u001b[33m[2026-04-20 03:41:34]\u001b[39m \u001b[91mReferenceError: generateRandomSalt is not defined\u001b[39m","service":"api","timestamp":"2026-04-20T03:41:34.898Z"}
{"level":"error","message":"\u001b[1m  at file:///C:/AWS/n8n-web/server/src/controllers/user.controller.js:13:24\u001b[22m","service":"api","timestamp":"2026-04-20T03:41:34.899Z"}
{"level":"error","message":"\u001b[1m  at node:internal/process/task_queues:103:5\u001b[22m","service":"api","timestamp":"2026-04-20T03:41:34.899Z"}
{"level":"error","message":"\u001b[1m  at file:///C:/AWS/n8n-web/server/index.js:109:7\u001b[22m","service":"api","timestamp":"2026-04-20T03:41:34.900Z"}
{"level":"info","message":"Server listening on port 5000","service":"api","timestamp":"2026-04-20T03:41:34.901Z"}
{"attempt":1,"level":"info","maxRetries":5,"message":"Attempting to connect to MongoDB...","service":"api","timestamp":"2025-06-22 03:49:56"}
{"host":"ac-gc0ygai-shard-00-01.ehcg02t.mongodb.net","level":"info","message":"MongoDB connected successfully","name":"test","port":27017,"service":"api","timestamp":"2025-06-22 03:49:56"}
{"level":"error","message":"\u001b[33m[2026-04-20 03:42:41]\u001b[39m \u001b[91mReferenceError: generateRandomSalt is not defined\u001b[39m","service":"api","timestamp":"2026-04-20T03:42:41.828Z"}
{"level":"error","message":"\u001b[1m  at file:///C:/AWS/n8n-web/server/src/controllers/user.controller.js:13:24\u001b[22m","service":"api","timestamp":"2026-04-20T03:42:41.829Z"}
{"level":"error","message":"\u001b[1m  at node:internal/process/task_queues:103:5\u001b[22m","service":"api","timestamp":"2026-04-20T03:42:41.829Z"}
{"level":"error","message":"\u001b[1m  at file:///C:/AWS/n8n-web/server/index.js:109:7\u001b[22m","service":"api","timestamp":"2026-04-20T03:42:41.829Z"}
{"level":"info","message":"Server listening on port 5000","service":"api","timestamp":"2026-04-20T03:42:41.831Z"}
{"attempt":1,"level":"info","maxRetries":5,"message":"Attempting to connect to MongoDB...","service":"api","timestamp":"2025-06-22 03:49:56"}
{"host":"ac-gc0ygai-shard-00-02.ehcg02t.mongodb.net","level":"info","message":"MongoDB connected successfully","name":"test","port":27017,"service":"api","timestamp":"2025-06-22 03:49:56"}
{"level":"error","message":"\u001b[33m[2026-04-20 03:42:47]\u001b[39m \u001b[91mReferenceError: generateRandomSalt is not defined\u001b[39m","service":"api","timestamp":"2026-04-20T03:42:47.666Z"}
{"level":"error","message":"\u001b[1m  at file:///C:/AWS/n8n-web/server/src/controllers/user.controller.js:13:24\u001b[22m","service":"api","timestamp":"2026-04-20T03:42:47.667Z"}
{"level":"error","message":"\u001b[1m  at node:internal/process/task_queues:103:5\u001b[22m","service":"api","timestamp":"2026-04-20T03:42:47.667Z"}
{"level":"error","message":"\u001b[1m  at file:///C:/AWS/n8n-web/server/index.js:109:7\u001b[22m","service":"api","timestamp":"2026-04-20T03:42:47.667Z"}
{"level":"info","message":"Server listening on port 5000","service":"api","timestamp":"2026-04-20T03:42:47.669Z"}
{"attempt":1,"level":"info","maxRetries":5,"message":"Attempting to connect to MongoDB...","service":"api","timestamp":"2025-06-22 03:49:56"}
{"host":"ac-gc0ygai-shard-00-01.ehcg02t.mongodb.net","level":"info","message":"MongoDB connected successfully","name":"test","port":27017,"service":"api","timestamp":"2025-06-22 03:49:56"}
{"attempt":1,"level":"info","maxRetries":5,"message":"Attempting to connect to MongoDB...","service":"api","timestamp":"2025-06-22 03:49:56"}
{"host":"ac-gc0ygai-shard-00-00.ehcg02t.mongodb.net","level":"info","message":"MongoDB connected successfully","name":"test","port":27017,"service":"api","timestamp":"2025-06-22 03:49:56"}
{"level":"error","message":"\u001b[33m[2026-04-20 03:42:59]\u001b[39m \u001b[91mReferenceError: generateRandomSalt is not defined\u001b[39m","service":"api","timestamp":"2026-04-20T03:42:59.983Z"}
{"level":"error","message":"\u001b[1m  at file:///C:/AWS/n8n-web/server/src/controllers/user.controller.js:13:24\u001b[22m","service":"api","timestamp":"2026-04-20T03:42:59.983Z"}
{"level":"error","message":"\u001b[1m  at node:internal/process/task_queues:103:5\u001b[22m","service":"api","timestamp":"2026-04-20T03:42:59.984Z"}
{"level":"error","message":"\u001b[1m  at file:///C:/AWS/n8n-web/server/index.js:109:7\u001b[22m","service":"api","timestamp":"2026-04-20T03:42:59.984Z"}
{"level":"info","message":"Server listening on port 5000","service":"api","timestamp":"2026-04-20T03:42:59.986Z"}
{"attempt":1,"level":"info","maxRetries":5,"message":"Attempting to connect to MongoDB...","service":"api","timestamp":"2025-06-22 03:49:56"}
{"host":"ac-gc0ygai-shard-00-02.ehcg02t.mongodb.net","level":"info","message":"MongoDB connected successfully","name":"test","port":27017,"service":"api","timestamp":"2025-06-22 03:49:56"}
{"level":"error","message":"\u001b[33m[2026-04-20 03:43:10]\u001b[39m \u001b[91mReferenceError: hashPassword is not defined\u001b[39m","service":"api","timestamp":"2026-04-20T03:43:10.998Z"}
{"level":"error","message":"\u001b[1m  at file:///C:/AWS/n8n-web/server/src/controllers/user.controller.js:15:24\u001b[22m","service":"api","timestamp":"2026-04-20T03:43:10.998Z"}
{"level":"error","message":"\u001b[1m  at node:internal/process/task_queues:103:5\u001b[22m","service":"api","timestamp":"2026-04-20T03:43:10.999Z"}
{"level":"error","message":"\u001b[1m  at file:///C:/AWS/n8n-web/server/index.js:109:7\u001b[22m","service":"api","timestamp":"2026-04-20T03:43:10.999Z"}
{"level":"info","message":"Server listening on port 5000","service":"api","timestamp":"2026-04-20T03:43:11.001Z"}
{"level":"info","message":"Received SIGINT, starting graceful shutdown","service":"api","timestamp":"2026-04-20T03:43:15.007Z"}
{"attempt":1,"level":"info","maxRetries":5,"message":"Attempting to connect to MongoDB...","service":"api","timestamp":"2025-06-22 03:49:56"}
{"host":"ac-gc0ygai-shard-00-02.ehcg02t.mongodb.net","level":"info","message":"MongoDB connected successfully","name":"test","port":27017,"service":"api","timestamp":"2025-06-22 03:49:56"}
{"level":"error","message":"\u001b[33m[2026-04-20 03:43:58]\u001b[39m \u001b[91mReferenceError: User is not defined\u001b[39m","service":"api","timestamp":"2026-04-20T03:43:58.885Z"}
{"level":"error","message":"\u001b[1m  at file:///C:/AWS/n8n-web/server/src/controllers/user.controller.js:18:23\u001b[22m","service":"api","timestamp":"2026-04-20T03:43:58.885Z"}
{"level":"error","message":"\u001b[1m  at node:internal/process/task_queues:103:5\u001b[22m","service":"api","timestamp":"2026-04-20T03:43:58.886Z"}
{"level":"error","message":"\u001b[1m  at file:///C:/AWS/n8n-web/server/index.js:109:7\u001b[22m","service":"api","timestamp":"2026-04-20T03:43:58.886Z"}
{"level":"info","message":"Server listening on port 5000","service":"api","timestamp":"2026-04-20T03:43:58.888Z"}
{"attempt":1,"level":"info","maxRetries":5,"message":"Attempting to connect to MongoDB...","service":"api","timestamp":"2025-06-22 03:49:56"}
{"host":"ac-gc0ygai-shard-00-02.ehcg02t.mongodb.net","level":"info","message":"MongoDB connected successfully","name":"test","port":27017,"service":"api","timestamp":"2025-06-22 03:49:56"}
{"level":"info","message":"Server listening on port 5000","service":"api","timestamp":"2026-04-20T03:44:51.655Z"}
{"attempt":1,"level":"info","maxRetries":5,"message":"Attempting to connect to MongoDB...","service":"api","timestamp":"2025-06-22 03:49:56"}
{"host":"ac-gc0ygai-shard-00-02.ehcg02t.mongodb.net","level":"info","message":"MongoDB connected successfully","name":"test","port":27017,"service":"api","timestamp":"2025-06-22 03:49:56"}
{"level":"info","message":"Server listening on port 5000","service":"api","timestamp":"2026-04-20T04:25:43.961Z"}
{"attempt":1,"level":"info","maxRetries":5,"message":"Attempting to connect to MongoDB...","service":"api","timestamp":"2025-06-22 03:49:56"}
{"host":"ac-gc0ygai-shard-00-00.ehcg02t.mongodb.net","level":"info","message":"MongoDB connected successfully","name":"test","port":27017,"service":"api","timestamp":"2025-06-22 03:49:56"}
{"level":"info","message":"Server listening on port 5000","service":"api","timestamp":"2026-04-20T04:28:15.718Z"}
{"attempt":1,"level":"info","maxRetries":5,"message":"Attempting to connect to MongoDB...","service":"api","timestamp":"2025-06-22 03:49:56"}
{"host":"ac-gc0ygai-shard-00-01.ehcg02t.mongodb.net","level":"info","message":"MongoDB connected successfully","name":"test","port":27017,"service":"api","timestamp":"2025-06-22 03:49:56"}
{"level":"info","message":"Server listening on port 5000","service":"api","timestamp":"2026-04-20T04:28:20.826Z"}
{"attempt":1,"level":"info","maxRetries":5,"message":"Attempting to connect to MongoDB...","service":"api","timestamp":"2025-06-22 03:49:56"}
{"host":"ac-gc0ygai-shard-00-00.ehcg02t.mongodb.net","level":"info","message":"MongoDB connected successfully","name":"test","port":27017,"service":"api","timestamp":"2025-06-22 03:49:56"}
{"level":"info","message":"Server listening on port 5000","service":"api","timestamp":"2026-04-20T04:28:29.717Z"}
{"attempt":1,"level":"info","maxRetries":5,"message":"Attempting to connect to MongoDB...","service":"api","timestamp":"2025-06-22 03:49:56"}
{"host":"ac-gc0ygai-shard-00-02.ehcg02t.mongodb.net","level":"info","message":"MongoDB connected successfully","name":"test","port":27017,"service":"api","timestamp":"2025-06-22 03:49:56"}
{"level":"info","message":"Server listening on port 5000","service":"api","timestamp":"2026-04-20T04:28:36.413Z"}
{"attempt":1,"level":"info","maxRetries":5,"message":"Attempting to connect to MongoDB...","service":"api","timestamp":"2025-06-22 03:49:56"}
{"host":"ac-gc0ygai-shard-00-01.ehcg02t.mongodb.net","level":"info","message":"MongoDB connected successfully","name":"test","port":27017,"service":"api","timestamp":"2025-06-22 03:49:56"}
{"level":"info","message":"Server listening on port 5000","service":"api","timestamp":"2026-04-20T04:28:45.232Z"}
{"attempt":1,"level":"info","maxRetries":5,"message":"Attempting to connect to MongoDB...","service":"api","timestamp":"2025-06-22 03:49:56"}
{"host":"ac-gc0ygai-shard-00-00.ehcg02t.mongodb.net","level":"info","message":"MongoDB connected successfully","name":"test","port":27017,"service":"api","timestamp":"2025-06-22 03:49:56"}
{"level":"info","message":"Server listening on port 5000","service":"api","timestamp":"2026-04-20T04:28:48.443Z"}
{"attempt":1,"level":"info","maxRetries":5,"message":"Attempting to connect to MongoDB...","service":"api","timestamp":"2025-06-22 03:49:56"}
{"host":"ac-gc0ygai-shard-00-02.ehcg02t.mongodb.net","level":"info","message":"MongoDB connected successfully","name":"test","port":27017,"service":"api","timestamp":"2025-06-22 03:49:56"}
{"level":"info","message":"Server listening on port 5000","service":"api","timestamp":"2026-04-20T04:28:52.418Z"}
{"attempt":1,"level":"info","maxRetries":5,"message":"Attempting to connect to MongoDB...","service":"api","timestamp":"2025-06-22 03:49:56"}
{"host":"ac-gc0ygai-shard-00-02.ehcg02t.mongodb.net","level":"info","message":"MongoDB connected successfully","name":"test","port":27017,"service":"api","timestamp":"2025-06-22 03:49:56"}
{"level":"info","message":"Server listening on port 5000","service":"api","timestamp":"2026-04-20T04:29:21.154Z"}
{"attempt":1,"level":"info","maxRetries":5,"message":"Attempting to connect to MongoDB...","service":"api","timestamp":"2025-06-22 03:49:56"}
{"host":"ac-gc0ygai-shard-00-01.ehcg02t.mongodb.net","level":"info","message":"MongoDB connected successfully","name":"test","port":27017,"service":"api","timestamp":"2025-06-22 03:49:56"}
{"level":"info","message":"Server listening on port 5000","service":"api","timestamp":"2026-04-20T04:29:32.548Z"}
{"attempt":1,"level":"info","maxRetries":5,"message":"Attempting to connect to MongoDB...","service":"api","timestamp":"2025-06-22 03:49:56"}
{"host":"ac-gc0ygai-shard-00-02.ehcg02t.mongodb.net","level":"info","message":"MongoDB connected successfully","name":"test","port":27017,"service":"api","timestamp":"2025-06-22 03:49:56"}
{"level":"info","message":"Server listening on port 5000","service":"api","timestamp":"2026-04-20T04:29:56.729Z"}
{"attempt":1,"level":"info","maxRetries":5,"message":"Attempting to connect to MongoDB...","service":"api","timestamp":"2025-06-22 03:49:56"}
{"host":"ac-gc0ygai-shard-00-00.ehcg02t.mongodb.net","level":"info","message":"MongoDB connected successfully","name":"test","port":27017,"service":"api","timestamp":"2025-06-22 03:49:56"}
{"level":"info","message":"Server listening on port 5000","service":"api","timestamp":"2026-04-20T04:30:07.894Z"}
{"attempt":1,"level":"info","maxRetries":5,"message":"Attempting to connect to MongoDB...","service":"api","timestamp":"2025-06-22 03:49:56"}
{"host":"ac-gc0ygai-shard-00-01.ehcg02t.mongodb.net","level":"info","message":"MongoDB connected successfully","name":"test","port":27017,"service":"api","timestamp":"2025-06-22 03:49:56"}
{"level":"info","message":"Server listening on port 5000","service":"api","timestamp":"2026-04-20T04:30:16.399Z"}
{"attempt":1,"level":"info","maxRetries":5,"message":"Attempting to connect to MongoDB...","service":"api","timestamp":"2025-06-22 03:49:56"}
{"host":"ac-gc0ygai-shard-00-01.ehcg02t.mongodb.net","level":"info","message":"MongoDB connected successfully","name":"test","port":27017,"service":"api","timestamp":"2025-06-22 03:49:56"}
{"level":"info","message":"Server listening on port 5000","service":"api","timestamp":"2026-04-20T04:30:23.067Z"}
{"attempt":1,"level":"info","maxRetries":5,"message":"Attempting to connect to MongoDB...","service":"api","timestamp":"2025-06-22 03:49:56"}
{"host":"ac-gc0ygai-shard-00-02.ehcg02t.mongodb.net","level":"info","message":"MongoDB connected successfully","name":"test","port":27017,"service":"api","timestamp":"2025-06-22 03:49:56"}
{"level":"info","message":"Server listening on port 5000","service":"api","timestamp":"2026-04-20T04:30:35.089Z"}
{"attempt":1,"level":"info","maxRetries":5,"message":"Attempting to connect to MongoDB...","service":"api","timestamp":"2025-06-22 03:49:56"}
{"host":"ac-gc0ygai-shard-00-01.ehcg02t.mongodb.net","level":"info","message":"MongoDB connected successfully","name":"test","port":27017,"service":"api","timestamp":"2025-06-22 03:49:56"}
{"level":"info","message":"Server listening on port 5000","service":"api","timestamp":"2026-04-20T04:30:39.610Z"}
{"attempt":1,"level":"info","maxRetries":5,"message":"Attempting to connect to MongoDB...","service":"api","timestamp":"2025-06-22 03:49:56"}
{"host":"ac-gc0ygai-shard-00-00.ehcg02t.mongodb.net","level":"info","message":"MongoDB connected successfully","name":"test","port":27017,"service":"api","timestamp":"2025-06-22 03:49:56"}
{"level":"info","message":"Server listening on port 5000","service":"api","timestamp":"2026-04-20T04:30:42.200Z"}
{"attempt":1,"level":"info","maxRetries":5,"message":"Attempting to connect to MongoDB...","service":"api","timestamp":"2025-06-22 03:49:56"}
{"host":"ac-gc0ygai-shard-00-02.ehcg02t.mongodb.net","level":"info","message":"MongoDB connected successfully","name":"test","port":27017,"service":"api","timestamp":"2025-06-22 03:49:56"}
{"level":"info","message":"Server listening on port 5000","service":"api","timestamp":"2026-04-20T04:30:53.717Z"}
{"attempt":1,"level":"info","maxRetries":5,"message":"Attempting to connect to MongoDB...","service":"api","timestamp":"2025-06-22 03:49:56"}
{"host":"ac-gc0ygai-shard-00-01.ehcg02t.mongodb.net","level":"info","message":"MongoDB connected successfully","name":"test","port":27017,"service":"api","timestamp":"2025-06-22 03:49:56"}
{"level":"info","message":"Server listening on port 5000","service":"api","timestamp":"2026-04-20T04:31:03.729Z"}
{"attempt":1,"level":"info","maxRetries":5,"message":"Attempting to connect to MongoDB...","service":"api","timestamp":"2025-06-22 03:49:56"}
{"host":"ac-gc0ygai-shard-00-00.ehcg02t.mongodb.net","level":"info","message":"MongoDB connected successfully","name":"test","port":27017,"service":"api","timestamp":"2025-06-22 03:49:56"}
{"level":"info","message":"Server listening on port 5000","service":"api","timestamp":"2026-04-20T04:31:14.622Z"}
{"attempt":1,"level":"info","maxRetries":5,"message":"Attempting to connect to MongoDB...","service":"api","timestamp":"2025-06-22 03:49:56"}
{"host":"ac-gc0ygai-shard-00-02.ehcg02t.mongodb.net","level":"info","message":"MongoDB connected successfully","name":"test","port":27017,"service":"api","timestamp":"2025-06-22 03:49:56"}
{"level":"info","message":"Server listening on port 5000","service":"api","timestamp":"2026-04-20T04:31:18.570Z"}
{"attempt":1,"level":"info","maxRetries":5,"message":"Attempting to connect to MongoDB...","service":"api","timestamp":"2025-06-22 03:49:56"}
{"host":"ac-gc0ygai-shard-00-01.ehcg02t.mongodb.net","level":"info","message":"MongoDB connected successfully","name":"test","port":27017,"service":"api","timestamp":"2025-06-22 03:49:56"}
{"level":"info","message":"Server listening on port 5000","service":"api","timestamp":"2026-04-20T04:31:25.637Z"}
{"attempt":1,"level":"info","maxRetries":5,"message":"Attempting to connect to MongoDB...","service":"api","timestamp":"2025-06-22 03:49:56"}
{"host":"ac-gc0ygai-shard-00-00.ehcg02t.mongodb.net","level":"info","message":"MongoDB connected successfully","name":"test","port":27017,"service":"api","timestamp":"2025-06-22 03:49:56"}
{"attempt":1,"level":"info","maxRetries":5,"message":"Attempting to connect to MongoDB...","service":"api","timestamp":"2025-06-22 03:49:56"}
{"host":"ac-gc0ygai-shard-00-01.ehcg02t.mongodb.net","level":"info","message":"MongoDB connected successfully","name":"test","port":27017,"service":"api","timestamp":"2025-06-22 03:49:56"}
{"level":"info","message":"Server listening on port 5000","service":"api","timestamp":"2026-04-20T04:31:29.126Z"}
{"attempt":1,"level":"info","maxRetries":5,"message":"Attempting to connect to MongoDB...","service":"api","timestamp":"2025-06-22 03:49:56"}
{"host":"ac-gc0ygai-shard-00-02.ehcg02t.mongodb.net","level":"info","message":"MongoDB connected successfully","name":"test","port":27017,"service":"api","timestamp":"2025-06-22 03:49:56"}
{"level":"info","message":"Server listening on port 5000","service":"api","timestamp":"2026-04-20T04:31:31.450Z"}
{"attempt":1,"level":"info","maxRetries":5,"message":"Attempting to connect to MongoDB...","service":"api","timestamp":"2025-06-22 03:49:56"}
{"host":"ac-gc0ygai-shard-00-00.ehcg02t.mongodb.net","level":"info","message":"MongoDB connected successfully","name":"test","port":27017,"service":"api","timestamp":"2025-06-22 03:49:56"}
{"level":"info","message":"Server listening on port 5000","service":"api","timestamp":"2026-04-20T04:31:40.169Z"}
{"attempt":1,"level":"info","maxRetries":5,"message":"Attempting to connect to MongoDB...","service":"api","timestamp":"2025-06-22 03:49:56"}
{"host":"ac-gc0ygai-shard-00-01.ehcg02t.mongodb.net","level":"info","message":"MongoDB connected successfully","name":"test","port":27017,"service":"api","timestamp":"2025-06-22 03:49:56"}
{"level":"info","message":"Server listening on port 5000","service":"api","timestamp":"2026-04-20T04:31:43.802Z"}
{"attempt":1,"level":"info","maxRetries":5,"message":"Attempting to connect to MongoDB...","service":"api","timestamp":"2025-06-22 03:49:56"}
{"host":"ac-gc0ygai-shard-00-02.ehcg02t.mongodb.net","level":"info","message":"MongoDB connected successfully","name":"test","port":27017,"service":"api","timestamp":"2025-06-22 03:49:56"}
{"level":"info","message":"Server listening on port 5000","service":"api","timestamp":"2026-04-20T04:31:52.695Z"}
{"attempt":1,"level":"info","maxRetries":5,"message":"Attempting to connect to MongoDB...","service":"api","timestamp":"2025-06-22 03:49:56"}
{"host":"ac-gc0ygai-shard-00-00.ehcg02t.mongodb.net","level":"info","message":"MongoDB connected successfully","name":"test","port":27017,"service":"api","timestamp":"2025-06-22 03:49:56"}
{"level":"info","message":"Server listening on port 5000","service":"api","timestamp":"2026-04-20T04:31:58.484Z"}
{"attempt":1,"level":"info","maxRetries":5,"message":"Attempting to connect to MongoDB...","service":"api","timestamp":"2025-06-22 03:49:56"}
{"host":"ac-gc0ygai-shard-00-01.ehcg02t.mongodb.net","level":"info","message":"MongoDB connected successfully","name":"test","port":27017,"service":"api","timestamp":"2025-06-22 03:49:56"}
{"level":"info","message":"Server listening on port 5000","service":"api","timestamp":"2026-04-20T04:32:01.409Z"}
{"attempt":1,"level":"info","maxRetries":5,"message":"Attempting to connect to MongoDB...","service":"api","timestamp":"2025-06-22 03:49:56"}
{"host":"ac-gc0ygai-shard-00-02.ehcg02t.mongodb.net","level":"info","message":"MongoDB connected successfully","name":"test","port":27017,"service":"api","timestamp":"2025-06-22 03:49:56"}
{"level":"info","message":"Server listening on port 5000","service":"api","timestamp":"2026-04-20T04:32:05.939Z"}
{"attempt":1,"level":"info","maxRetries":5,"message":"Attempting to connect to MongoDB...","service":"api","timestamp":"2025-06-22 03:49:56"}
{"host":"ac-gc0ygai-shard-00-00.ehcg02t.mongodb.net","level":"info","message":"MongoDB connected successfully","name":"test","port":27017,"service":"api","timestamp":"2025-06-22 03:49:56"}
{"level":"info","message":"Server listening on port 5000","service":"api","timestamp":"2026-04-20T04:32:12.937Z"}
{"attempt":1,"level":"info","maxRetries":5,"message":"Attempting to connect to MongoDB...","service":"api","timestamp":"2025-06-22 03:49:56"}
{"host":"ac-gc0ygai-shard-00-00.ehcg02t.mongodb.net","level":"info","message":"MongoDB connected successfully","name":"test","port":27017,"service":"api","timestamp":"2025-06-22 03:49:56"}
{"level":"info","message":"Server listening on port 5000","service":"api","timestamp":"2026-04-20T04:32:34.282Z"}
{"attempt":1,"level":"info","maxRetries":5,"message":"Attempting to connect to MongoDB...","service":"api","timestamp":"2025-06-22 03:49:56"}
{"host":"ac-gc0ygai-shard-00-01.ehcg02t.mongodb.net","level":"info","message":"MongoDB connected successfully","name":"test","port":27017,"service":"api","timestamp":"2025-06-22 03:49:56"}
{"level":"info","message":"Server listening on port 5000","service":"api","timestamp":"2026-04-20T04:32:43.036Z"}
{"attempt":1,"level":"info","maxRetries":5,"message":"Attempting to connect to MongoDB...","service":"api","timestamp":"2025-06-22 03:49:56"}
{"host":"ac-gc0ygai-shard-00-00.ehcg02t.mongodb.net","level":"info","message":"MongoDB connected successfully","name":"test","port":27017,"service":"api","timestamp":"2025-06-22 03:49:56"}
{"level":"info","message":"Server listening on port 5000","service":"api","timestamp":"2026-04-20T04:32:48.222Z"}
{"attempt":1,"level":"info","maxRetries":5,"message":"Attempting to connect to MongoDB...","service":"api","timestamp":"2025-06-22 03:49:56"}
{"host":"ac-gc0ygai-shard-00-02.ehcg02t.mongodb.net","level":"info","message":"MongoDB connected successfully","name":"test","port":27017,"service":"api","timestamp":"2025-06-22 03:49:56"}
{"level":"info","message":"Server listening on port 5000","service":"api","timestamp":"2026-04-20T04:33:24.741Z"}
{"attempt":1,"level":"info","maxRetries":5,"message":"Attempting to connect to MongoDB...","service":"api","timestamp":"2025-06-22 03:49:56"}
{"host":"ac-gc0ygai-shard-00-01.ehcg02t.mongodb.net","level":"info","message":"MongoDB connected successfully","name":"test","port":27017,"service":"api","timestamp":"2025-06-22 03:49:56"}
{"level":"info","message":"Server listening on port 5000","service":"api","timestamp":"2026-04-20T04:33:29.471Z"}
{"attempt":1,"level":"info","maxRetries":5,"message":"Attempting to connect to MongoDB...","service":"api","timestamp":"2025-06-22 03:49:56"}
{"host":"ac-gc0ygai-shard-00-01.ehcg02t.mongodb.net","level":"info","message":"MongoDB connected successfully","name":"test","port":27017,"service":"api","timestamp":"2025-06-22 03:49:56"}
{"level":"info","message":"Server listening on port 5000","service":"api","timestamp":"2026-04-20T04:33:35.907Z"}
{"attempt":1,"level":"info","maxRetries":5,"message":"Attempting to connect to MongoDB...","service":"api","timestamp":"2025-06-22 03:49:56"}
{"host":"ac-gc0ygai-shard-00-02.ehcg02t.mongodb.net","level":"info","message":"MongoDB connected successfully","name":"test","port":27017,"service":"api","timestamp":"2025-06-22 03:49:56"}
{"level":"info","message":"Server listening on port 5000","service":"api","timestamp":"2026-04-20T04:33:53.262Z"}
{"attempt":1,"level":"info","maxRetries":5,"message":"Attempting to connect to MongoDB...","service":"api","timestamp":"2025-06-22 03:49:56"}
{"host":"ac-gc0ygai-shard-00-01.ehcg02t.mongodb.net","level":"info","message":"MongoDB connected successfully","name":"test","port":27017,"service":"api","timestamp":"2025-06-22 03:49:56"}
{"level":"info","message":"Server listening on port 5000","service":"api","timestamp":"2026-04-20T04:33:55.792Z"}
{"attempt":1,"level":"info","maxRetries":5,"message":"Attempting to connect to MongoDB...","service":"api","timestamp":"2025-06-22 03:49:56"}
{"host":"ac-gc0ygai-shard-00-00.ehcg02t.mongodb.net","level":"info","message":"MongoDB connected successfully","name":"test","port":27017,"service":"api","timestamp":"2025-06-22 03:49:56"}
{"level":"info","message":"Server listening on port 5000","service":"api","timestamp":"2026-04-20T04:33:59.581Z"}
{"attempt":1,"level":"info","maxRetries":5,"message":"Attempting to connect to MongoDB...","service":"api","timestamp":"2025-06-22 03:49:56"}
{"host":"ac-gc0ygai-shard-00-02.ehcg02t.mongodb.net","level":"info","message":"MongoDB connected successfully","name":"test","port":27017,"service":"api","timestamp":"2025-06-22 03:49:56"}
{"level":"info","message":"Server listening on port 5000","service":"api","timestamp":"2026-04-20T04:34:01.726Z"}
{"attempt":1,"level":"info","maxRetries":5,"message":"Attempting to connect to MongoDB...","service":"api","timestamp":"2025-06-22 03:49:56"}
{"host":"ac-gc0ygai-shard-00-00.ehcg02t.mongodb.net","level":"info","message":"MongoDB connected successfully","name":"test","port":27017,"service":"api","timestamp":"2025-06-22 03:49:56"}
{"level":"info","message":"Server listening on port 5000","service":"api","timestamp":"2026-04-20T04:36:25.762Z"}
{"attempt":1,"level":"info","maxRetries":5,"message":"Attempting to connect to MongoDB...","service":"api","timestamp":"2025-06-22 03:49:56"}
{"host":"ac-gc0ygai-shard-00-01.ehcg02t.mongodb.net","level":"info","message":"MongoDB connected successfully","name":"test","port":27017,"service":"api","timestamp":"2025-06-22 03:49:56"}
{"level":"info","message":"Server listening on port 5000","service":"api","timestamp":"2026-04-20T04:38:37.395Z"}
{"attempt":1,"level":"info","maxRetries":5,"message":"Attempting to connect to MongoDB...","service":"api","timestamp":"2025-06-22 03:49:56"}
{"host":"ac-gc0ygai-shard-00-00.ehcg02t.mongodb.net","level":"info","message":"MongoDB connected successfully","name":"test","port":27017,"service":"api","timestamp":"2025-06-22 03:49:56"}
{"level":"info","message":"Server listening on port 5000","service":"api","timestamp":"2026-04-20T04:38:41.847Z"}
{"attempt":1,"level":"info","maxRetries":5,"message":"Attempting to connect to MongoDB...","service":"api","timestamp":"2025-06-22 03:49:56"}
{"host":"ac-gc0ygai-shard-00-01.ehcg02t.mongodb.net","level":"info","message":"MongoDB connected successfully","name":"test","port":27017,"service":"api","timestamp":"2025-06-22 03:49:56"}
{"level":"info","message":"Server listening on port 5000","service":"api","timestamp":"2026-04-20T04:38:49.369Z"}
{"attempt":1,"level":"info","maxRetries":5,"message":"Attempting to connect to MongoDB...","service":"api","timestamp":"2025-06-22 03:49:56"}
{"host":"ac-gc0ygai-shard-00-02.ehcg02t.mongodb.net","level":"info","message":"MongoDB connected successfully","name":"test","port":27017,"service":"api","timestamp":"2025-06-22 03:49:56"}
{"level":"info","message":"Server listening on port 5000","service":"api","timestamp":"2026-04-20T04:38:51.503Z"}
{"attempt":1,"level":"info","maxRetries":5,"message":"Attempting to connect to MongoDB...","service":"api","timestamp":"2025-06-22 03:49:56"}
{"host":"ac-gc0ygai-shard-00-00.ehcg02t.mongodb.net","level":"info","message":"MongoDB connected successfully","name":"test","port":27017,"service":"api","timestamp":"2025-06-22 03:49:56"}
{"level":"info","message":"Server listening on port 5000","service":"api","timestamp":"2026-04-20T04:38:54.174Z"}
{"attempt":1,"level":"info","maxRetries":5,"message":"Attempting to connect to MongoDB...","service":"api","timestamp":"2025-06-22 03:49:56"}
{"host":"ac-gc0ygai-shard-00-01.ehcg02t.mongodb.net","level":"info","message":"MongoDB connected successfully","name":"test","port":27017,"service":"api","timestamp":"2025-06-22 03:49:56"}
{"level":"info","message":"Server listening on port 5000","service":"api","timestamp":"2026-04-20T04:38:57.552Z"}
{"level":"warn","message":"MongoDB disconnected","service":"api","timestamp":"2026-04-20T06:17:01.055Z"}
{"host":"ac-gc0ygai-shard-00-01.ehcg02t.mongodb.net","level":"info","message":"MongoDB connected successfully","name":"test","port":27017,"service":"api","timestamp":"2025-06-22 03:49:56"}
{"level":"info","message":"MongoDB reconnected successfully","service":"api","timestamp":"2026-04-20T06:17:01.059Z"}
{"attempt":1,"level":"info","maxRetries":5,"message":"Attempting to connect to MongoDB...","service":"api","timestamp":"2025-06-22 03:49:56"}
{"attempt":1,"level":"info","maxRetries":5,"message":"Attempting to connect to MongoDB...","service":"api","timestamp":"2025-06-22 03:49:56"}
{"host":"ac-gc0ygai-shard-00-01.ehcg02t.mongodb.net","level":"info","message":"MongoDB connected successfully","name":"test","port":27017,"service":"api","timestamp":"2025-06-22 03:49:56"}
{"level":"info","message":"Server listening on port 5000","service":"api","timestamp":"2026-04-20T06:23:19.479Z"}
{"attempt":1,"level":"info","maxRetries":5,"message":"Attempting to connect to MongoDB...","service":"api","timestamp":"2025-06-22 03:49:56"}
{"host":"ac-gc0ygai-shard-00-01.ehcg02t.mongodb.net","level":"info","message":"MongoDB connected successfully","name":"test","port":27017,"service":"api","timestamp":"2025-06-22 03:49:56"}
{"level":"info","message":"Server listening on port 5000","service":"api","timestamp":"2026-04-20T06:24:47.203Z"}
{"attempt":1,"level":"info","maxRetries":5,"message":"Attempting to connect to MongoDB...","service":"api","timestamp":"2025-06-22 03:49:56"}
{"attempt":1,"level":"info","maxRetries":5,"message":"Attempting to connect to MongoDB...","service":"api","timestamp":"2025-06-22 03:49:56"}
{"host":"ac-gc0ygai-shard-00-01.ehcg02t.mongodb.net","level":"info","message":"MongoDB connected successfully","name":"test","port":27017,"service":"api","timestamp":"2025-06-22 03:49:56"}
{"level":"info","message":"Server listening on port 5000","service":"api","timestamp":"2026-04-20T06:25:00.029Z"}
{"attempt":1,"level":"info","maxRetries":5,"message":"Attempting to connect to MongoDB...","service":"api","timestamp":"2025-06-22 03:49:56"}
{"host":"ac-gc0ygai-shard-00-02.ehcg02t.mongodb.net","level":"info","message":"MongoDB connected successfully","name":"test","port":27017,"service":"api","timestamp":"2025-06-22 03:49:56"}
{"level":"info","message":"Server listening on port 5000","service":"api","timestamp":"2026-04-20T06:25:04.663Z"}
{"attempt":1,"level":"info","maxRetries":5,"message":"Attempting to connect to MongoDB...","service":"api","timestamp":"2025-06-22 03:49:56"}
{"host":"ac-gc0ygai-shard-00-00.ehcg02t.mongodb.net","level":"info","message":"MongoDB connected successfully","name":"test","port":27017,"service":"api","timestamp":"2025-06-22 03:49:56"}
{"level":"info","message":"Server listening on port 5000","service":"api","timestamp":"2026-04-20T06:26:39.309Z"}
{"attempt":1,"level":"info","maxRetries":5,"message":"Attempting to connect to MongoDB...","service":"api","timestamp":"2025-06-22 03:49:56"}
{"host":"ac-gc0ygai-shard-00-01.ehcg02t.mongodb.net","level":"info","message":"MongoDB connected successfully","name":"test","port":27017,"service":"api","timestamp":"2025-06-22 03:49:56"}
{"level":"info","message":"Server listening on port 5000","service":"api","timestamp":"2026-04-20T06:26:47.742Z"}
{"attempt":1,"level":"info","maxRetries":5,"message":"Attempting to connect to MongoDB...","service":"api","timestamp":"2025-06-22 03:49:56"}
{"host":"ac-gc0ygai-shard-00-00.ehcg02t.mongodb.net","level":"info","message":"MongoDB connected successfully","name":"test","port":27017,"service":"api","timestamp":"2025-06-22 03:49:56"}
{"level":"info","message":"Server listening on port 5000","service":"api","timestamp":"2026-04-20T06:27:03.697Z"}
{"attempt":1,"level":"info","maxRetries":5,"message":"Attempting to connect to MongoDB...","service":"api","timestamp":"2025-06-22 03:49:56"}
{"host":"ac-gc0ygai-shard-00-02.ehcg02t.mongodb.net","level":"info","message":"MongoDB connected successfully","name":"test","port":27017,"service":"api","timestamp":"2025-06-22 03:49:56"}
{"level":"info","message":"Server listening on port 5000","service":"api","timestamp":"2026-04-20T06:27:25.208Z"}
{"attempt":1,"level":"info","maxRetries":5,"message":"Attempting to connect to MongoDB...","service":"api","timestamp":"2025-06-22 03:49:56"}
{"host":"ac-gc0ygai-shard-00-01.ehcg02t.mongodb.net","level":"info","message":"MongoDB connected successfully","name":"test","port":27017,"service":"api","timestamp":"2025-06-22 03:49:56"}
{"level":"info","message":"Server listening on port 5000","service":"api","timestamp":"2026-04-20T06:27:29.337Z"}
{"attempt":1,"level":"info","maxRetries":5,"message":"Attempting to connect to MongoDB...","service":"api","timestamp":"2025-06-22 03:49:56"}
{"host":"ac-gc0ygai-shard-00-00.ehcg02t.mongodb.net","level":"info","message":"MongoDB connected successfully","name":"test","port":27017,"service":"api","timestamp":"2025-06-22 03:49:56"}
{"level":"info","message":"Server listening on port 5000","service":"api","timestamp":"2026-04-20T06:27:31.858Z"}
{"attempt":1,"level":"info","maxRetries":5,"message":"Attempting to connect to MongoDB...","service":"api","timestamp":"2025-06-22 03:49:56"}
{"host":"ac-gc0ygai-shard-00-01.ehcg02t.mongodb.net","level":"info","message":"MongoDB connected successfully","name":"test","port":27017,"service":"api","timestamp":"2025-06-22 03:49:56"}
{"level":"info","message":"Server listening on port 5000","service":"api","timestamp":"2026-04-20T06:27:55.149Z"}
{"attempt":1,"level":"info","maxRetries":5,"message":"Attempting to connect to MongoDB...","service":"api","timestamp":"2025-06-22 03:49:56"}
{"host":"ac-gc0ygai-shard-00-00.ehcg02t.mongodb.net","level":"info","message":"MongoDB connected successfully","name":"test","port":27017,"service":"api","timestamp":"2025-06-22 03:49:56"}
{"level":"info","message":"Server listening on port 5000","service":"api","timestamp":"2026-04-20T06:28:28.679Z"}
{"attempt":1,"level":"info","maxRetries":5,"message":"Attempting to connect to MongoDB...","service":"api","timestamp":"2025-06-22 03:49:56"}
{"host":"ac-gc0ygai-shard-00-01.ehcg02t.mongodb.net","level":"info","message":"MongoDB connected successfully","name":"test","port":27017,"service":"api","timestamp":"2025-06-22 03:49:56"}
{"level":"info","message":"Server listening on port 5000","service":"api","timestamp":"2026-04-20T06:28:49.039Z"}
{"attempt":1,"level":"info","maxRetries":5,"message":"Attempting to connect to MongoDB...","service":"api","timestamp":"2025-06-22 03:49:56"}
{"host":"ac-gc0ygai-shard-00-01.ehcg02t.mongodb.net","level":"info","message":"MongoDB connected successfully","name":"test","port":27017,"service":"api","timestamp":"2025-06-22 03:49:56"}
{"level":"info","message":"Server listening on port 5000","service":"api","timestamp":"2026-04-20T06:38:35.295Z"}
{"attempt":1,"level":"info","maxRetries":5,"message":"Attempting to connect to MongoDB...","service":"api","timestamp":"2025-06-22 03:49:56"}
{"host":"ac-gc0ygai-shard-00-01.ehcg02t.mongodb.net","level":"info","message":"MongoDB connected successfully","name":"test","port":27017,"service":"api","timestamp":"2025-06-22 03:49:56"}
{"level":"info","message":"Server listening on port 5000","service":"api","timestamp":"2026-04-20T06:41:24.541Z"}
{"attempt":1,"level":"info","maxRetries":5,"message":"Attempting to connect to MongoDB...","service":"api","timestamp":"2025-06-22 03:49:56"}
{"host":"ac-gc0ygai-shard-00-02.ehcg02t.mongodb.net","level":"info","message":"MongoDB connected successfully","name":"test","port":27017,"service":"api","timestamp":"2025-06-22 03:49:56"}
{"level":"info","message":"Server listening on port 5000","service":"api","timestamp":"2026-04-20T06:49:44.023Z"}
{"attempt":1,"level":"info","maxRetries":5,"message":"Attempting to connect to MongoDB...","service":"api","timestamp":"2025-06-22 03:49:56"}
{"host":"ac-gc0ygai-shard-00-00.ehcg02t.mongodb.net","level":"info","message":"MongoDB connected successfully","name":"test","port":27017,"service":"api","timestamp":"2025-06-22 03:49:56"}
{"attempt":1,"level":"info","maxRetries":5,"message":"Attempting to connect to MongoDB...","service":"api","timestamp":"2025-06-22 03:49:56"}
{"host":"ac-gc0ygai-shard-00-02.ehcg02t.mongodb.net","level":"info","message":"MongoDB connected successfully","name":"test","port":27017,"service":"api","timestamp":"2025-06-22 03:49:56"}
{"level":"info","message":"Server listening on port 5000","service":"api","timestamp":"2026-04-20T06:50:03.871Z"}
{"attempt":1,"level":"info","maxRetries":5,"message":"Attempting to connect to MongoDB...","service":"api","timestamp":"2025-06-22 03:49:56"}
{"host":"ac-gc0ygai-shard-00-01.ehcg02t.mongodb.net","level":"info","message":"MongoDB connected successfully","name":"test","port":27017,"service":"api","timestamp":"2025-06-22 03:49:56"}
{"level":"info","message":"Server listening on port 5000","service":"api","timestamp":"2026-04-20T06:57:17.558Z"}
{"attempt":1,"level":"info","maxRetries":5,"message":"Attempting to connect to MongoDB...","service":"api","timestamp":"2025-06-22 03:49:56"}
{"host":"ac-gc0ygai-shard-00-01.ehcg02t.mongodb.net","level":"info","message":"MongoDB connected successfully","name":"test","port":27017,"service":"api","timestamp":"2025-06-22 03:49:56"}
{"level":"info","message":"Server listening on port 5000","service":"api","timestamp":"2026-04-20T07:07:19.714Z"}
