{"attempt":1,"error":"Could not connect to any servers in your MongoDB Atlas cluster. One common reason is that you're trying to access the database from an IP that isn't whitelisted. Make sure your current IP address is on your Atlas cluster's IP whitelist: https://www.mongodb.com/docs/atlas/security-whitelist/","level":"error","message":"MongoDB connection failed:","service":"api","stack":"MongooseServerSelectionError: Could not connect to any servers in your MongoDB Atlas cluster. One common reason is that you're trying to access the database from an IP that isn't whitelisted. Make sure your current IP address is on your Atlas cluster's IP whitelist: https://www.mongodb.com/docs/atlas/security-whitelist/\n    at _handleConnectionErrors (C:\\AWS\\n8n-web\\server\\node_modules\\mongoose\\lib\\connection.js:1180:11)\n    at NativeConnection.openUri (C:\\AWS\\n8n-web\\server\\node_modules\\mongoose\\lib\\connection.js:1111:11)\n    at async MongoDBConnectionManager.connect (file:///C:/AWS/n8n-web/server/src/configs/mongodb.js:119:7)\n    at async Application.start (file:///C:/AWS/n8n-web/server/index.js:106:7)","timestamp":"2025-06-22 03:49:56","uri":"mongodb+srv://***:***@phongdeptrai.ehcg02t.mongodb.net/"}
{"level":"error","message":"Application startup failed: userController is not defined","service":"api","stack":"ReferenceError: userController is not defined\n    at Application.start (file:///C:/AWS/n8n-web/server/index.js:109:7)\n    at process.processTicksAndRejections (node:internal/process/task_queues:103:5)","timestamp":"2026-04-20T03:23:25.974Z"}
{"level":"error","message":"Application startup failed: userController is not defined","service":"api","stack":"ReferenceError: userController is not defined\n    at Application.start (file:///C:/AWS/n8n-web/server/index.js:109:7)\n    at process.processTicksAndRejections (node:internal/process/task_queues:103:5)","timestamp":"2026-04-20T03:25:50.737Z"}
{"level":"error","message":"Application startup failed: userController is not defined","service":"api","stack":"ReferenceError: userController is not defined\n    at Application.start (file:///C:/AWS/n8n-web/server/index.js:109:7)\n    at process.processTicksAndRejections (node:internal/process/task_queues:103:5)","timestamp":"2026-04-20T03:27:53.939Z"}
{"code":"ERR_SERVER_NOT_RUNNING","level":"error","message":"Error during server shutdown: Server is not running.","service":"api","stack":"Error [ERR_SERVER_NOT_RUNNING]: Server is not running.\n    at Server.close (node:net:2359:12)\n    at Object.onceWrapper (node:events:633:28)\n    at Server.emit (node:events:519:28)\n    at emitCloseNT (node:net:2419:8)\n    at process.processTicksAndRejections (node:internal/process/task_queues:88:21)","timestamp":"2026-04-20T03:27:53.942Z"}
{"level":"error","message":"Application startup failed: userController.initAdminUser is not a function","service":"api","stack":"TypeError: userController.initAdminUser is not a function\n    at Application.start (file:///C:/AWS/n8n-web/server/index.js:109:28)\n    at process.processTicksAndRejections (node:internal/process/task_queues:103:5)","timestamp":"2026-04-20T03:27:59.177Z"}
{"code":"ERR_SERVER_NOT_RUNNING","level":"error","message":"Error during server shutdown: Server is not running.","service":"api","stack":"Error [ERR_SERVER_NOT_RUNNING]: Server is not running.\n    at Server.close (node:net:2359:12)\n    at Object.onceWrapper (node:events:633:28)\n    at Server.emit (node:events:519:28)\n    at emitCloseNT (node:net:2419:8)\n    at process.processTicksAndRejections (node:internal/process/task_queues:88:21)","timestamp":"2026-04-20T03:27:59.179Z"}
{"level":"error","message":"Application startup failed: userController.initAdminUser is not a function","service":"api","stack":"TypeError: userController.initAdminUser is not a function\n    at Application.start (file:///C:/AWS/n8n-web/server/index.js:109:28)\n    at process.processTicksAndRejections (node:internal/process/task_queues:103:5)","timestamp":"2026-04-20T03:29:49.811Z"}
{"level":"error","message":"Application startup failed: userController.initAdminUser is not a function","service":"api","stack":"TypeError: userController.initAdminUser is not a function\n    at Application.start (file:///C:/AWS/n8n-web/server/index.js:109:28)\n    at process.processTicksAndRejections (node:internal/process/task_queues:103:5)","timestamp":"2026-04-20T03:31:03.821Z"}
{"code":"ERR_SERVER_NOT_RUNNING","level":"error","message":"Error during server shutdown: Server is not running.","service":"api","stack":"Error [ERR_SERVER_NOT_RUNNING]: Server is not running.\n    at Server.close (node:net:2359:12)\n    at Object.onceWrapper (node:events:633:28)\n    at Server.emit (node:events:519:28)\n    at emitCloseNT (node:net:2419:8)\n    at process.processTicksAndRejections (node:internal/process/task_queues:88:21)","timestamp":"2026-04-20T03:31:03.823Z"}
{"level":"error","message":"Application startup failed: userController.initAdminUser is not a function","service":"api","stack":"TypeError: userController.initAdminUser is not a function\n    at Application.start (file:///C:/AWS/n8n-web/server/index.js:109:28)\n    at process.processTicksAndRejections (node:internal/process/task_queues:103:5)","timestamp":"2026-04-20T03:31:06.437Z"}
{"level":"error","message":"Application startup failed: userController.initAdminUser is not a function","service":"api","stack":"TypeError: userController.initAdminUser is not a function\n    at Application.start (file:///C:/AWS/n8n-web/server/index.js:109:28)\n    at process.processTicksAndRejections (node:internal/process/task_queues:103:5)","timestamp":"2026-04-20T03:31:08.175Z"}
{"level":"error","message":"Application startup failed: userController.initAdminUser is not a function","service":"api","stack":"TypeError: userController.initAdminUser is not a function\n    at Application.start (file:///C:/AWS/n8n-web/server/index.js:109:28)\n    at process.processTicksAndRejections (node:internal/process/task_queues:103:5)","timestamp":"2026-04-20T03:31:24.111Z"}
{"code":"ERR_SERVER_NOT_RUNNING","level":"error","message":"Error during server shutdown: Server is not running.","service":"api","stack":"Error [ERR_SERVER_NOT_RUNNING]: Server is not running.\n    at Server.close (node:net:2359:12)\n    at Object.onceWrapper (node:events:633:28)\n    at Server.emit (node:events:519:28)\n    at emitCloseNT (node:net:2419:8)\n    at process.processTicksAndRejections (node:internal/process/task_queues:88:21)","timestamp":"2026-04-20T03:31:24.114Z"}
{"level":"error","message":"Application startup failed: logError is not defined","service":"api","stack":"ReferenceError: logError is not defined\n    at Object.initAdminUser (file:///C:/AWS/n8n-web/server/src/controllers/user.controller.js:31:5)\n    at Application.start (file:///C:/AWS/n8n-web/server/index.js:109:28)\n    at process.processTicksAndRejections (node:internal/process/task_queues:103:5)","timestamp":"2026-04-20T03:33:26.086Z"}
{"code":"ERR_SERVER_NOT_RUNNING","level":"error","message":"Error during server shutdown: Server is not running.","service":"api","stack":"Error [ERR_SERVER_NOT_RUNNING]: Server is not running.\n    at Server.close (node:net:2359:12)\n    at Object.onceWrapper (node:events:633:28)\n    at Server.emit (node:events:519:28)\n    at emitCloseNT (node:net:2419:8)\n    at process.processTicksAndRejections (node:internal/process/task_queues:88:21)","timestamp":"2026-04-20T03:33:26.089Z"}
{"level":"error","message":"Application startup failed: logError is not defined","service":"api","stack":"ReferenceError: logError is not defined\n    at Object.initAdminUser (file:///C:/AWS/n8n-web/server/src/controllers/user.controller.js:31:5)\n    at Application.start (file:///C:/AWS/n8n-web/server/index.js:109:28)\n    at process.processTicksAndRejections (node:internal/process/task_queues:103:5)","timestamp":"2026-04-20T03:33:33.754Z"}
{"level":"error","message":"Application startup failed: logError is not defined","service":"api","stack":"ReferenceError: logError is not defined\n    at Object.initAdminUser (file:///C:/AWS/n8n-web/server/src/controllers/user.controller.js:29:5)\n    at Application.start (file:///C:/AWS/n8n-web/server/index.js:109:28)\n    at process.processTicksAndRejections (node:internal/process/task_queues:103:5)","timestamp":"2026-04-20T03:34:01.809Z"}
{"code":"ERR_SERVER_NOT_RUNNING","level":"error","message":"Error during server shutdown: Server is not running.","service":"api","stack":"Error [ERR_SERVER_NOT_RUNNING]: Server is not running.\n    at Server.close (node:net:2359:12)\n    at Object.onceWrapper (node:events:633:28)\n    at Server.emit (node:events:519:28)\n    at emitCloseNT (node:net:2419:8)\n    at process.processTicksAndRejections (node:internal/process/task_queues:88:21)","timestamp":"2026-04-20T03:34:01.812Z"}
{"level":"error","message":"\u001b[33m[2026-04-20 03:35:08]\u001b[39m \u001b[91mReferenceError: userService is not defined\u001b[39m","service":"api","timestamp":"2026-04-20T03:35:08.793Z"}
{"level":"error","message":"\u001b[1m  at file:///C:/AWS/n8n-web/server/src/controllers/user.controller.js:6:27\u001b[22m","service":"api","timestamp":"2026-04-20T03:35:08.794Z"}
{"level":"error","message":"\u001b[1m  at file:///C:/AWS/n8n-web/server/index.js:109:28\u001b[22m","service":"api","timestamp":"2026-04-20T03:35:08.794Z"}
{"level":"error","message":"\u001b[1m  at node:internal/process/task_queues:103:5\u001b[22m","service":"api","timestamp":"2026-04-20T03:35:08.795Z"}
{"level":"error","message":"\u001b[33m[2026-04-20 03:35:10]\u001b[39m \u001b[91mReferenceError: userService is not defined\u001b[39m","service":"api","timestamp":"2026-04-20T03:35:10.226Z"}
{"level":"error","message":"\u001b[1m  at file:///C:/AWS/n8n-web/server/src/controllers/user.controller.js:6:27\u001b[22m","service":"api","timestamp":"2026-04-20T03:35:10.226Z"}
{"level":"error","message":"\u001b[1m  at file:///C:/AWS/n8n-web/server/index.js:109:28\u001b[22m","service":"api","timestamp":"2026-04-20T03:35:10.227Z"}
{"level":"error","message":"\u001b[1m  at node:internal/process/task_queues:103:5\u001b[22m","service":"api","timestamp":"2026-04-20T03:35:10.227Z"}
{"level":"error","message":"\u001b[33m[2026-04-20 03:36:31]\u001b[39m \u001b[91mReferenceError: userService is not defined\u001b[39m","service":"api","timestamp":"2026-04-20T03:36:31.641Z"}
{"level":"error","message":"\u001b[1m  at file:///C:/AWS/n8n-web/server/src/controllers/user.controller.js:6:27\u001b[22m","service":"api","timestamp":"2026-04-20T03:36:31.641Z"}
{"level":"error","message":"\u001b[1m  at file:///C:/AWS/n8n-web/server/index.js:109:28\u001b[22m","service":"api","timestamp":"2026-04-20T03:36:31.642Z"}
{"level":"error","message":"\u001b[1m  at node:internal/process/task_queues:103:5\u001b[22m","service":"api","timestamp":"2026-04-20T03:36:31.642Z"}
{"level":"error","message":"\u001b[33m[2026-04-20 03:37:05]\u001b[39m \u001b[91mReferenceError: userService is not defined\u001b[39m","service":"api","timestamp":"2026-04-20T03:37:05.870Z"}
{"level":"error","message":"\u001b[1m  at file:///C:/AWS/n8n-web/server/src/controllers/user.controller.js:6:27\u001b[22m","service":"api","timestamp":"2026-04-20T03:37:05.870Z"}
{"level":"error","message":"\u001b[1m  at file:///C:/AWS/n8n-web/server/index.js:109:28\u001b[22m","service":"api","timestamp":"2026-04-20T03:37:05.871Z"}
{"level":"error","message":"\u001b[1m  at node:internal/process/task_queues:103:5\u001b[22m","service":"api","timestamp":"2026-04-20T03:37:05.871Z"}
{"level":"error","message":"\u001b[33m[2026-04-20 03:37:13]\u001b[39m \u001b[91mReferenceError: userService is not defined\u001b[39m","service":"api","timestamp":"2026-04-20T03:37:13.394Z"}
{"level":"error","message":"\u001b[1m  at file:///C:/AWS/n8n-web/server/src/controllers/user.controller.js:6:27\u001b[22m","service":"api","timestamp":"2026-04-20T03:37:13.395Z"}
{"level":"error","message":"\u001b[1m  at file:///C:/AWS/n8n-web/server/index.js:109:28\u001b[22m","service":"api","timestamp":"2026-04-20T03:37:13.395Z"}
{"level":"error","message":"\u001b[1m  at node:internal/process/task_queues:103:5\u001b[22m","service":"api","timestamp":"2026-04-20T03:37:13.395Z"}
{"level":"error","message":"\u001b[33m[2026-04-20 03:37:23]\u001b[39m \u001b[91mReferenceError: userService is not defined\u001b[39m","service":"api","timestamp":"2026-04-20T03:37:23.374Z"}
{"level":"error","message":"\u001b[1m  at file:///C:/AWS/n8n-web/server/src/controllers/user.controller.js:6:27\u001b[22m","service":"api","timestamp":"2026-04-20T03:37:23.375Z"}
{"level":"error","message":"\u001b[1m  at file:///C:/AWS/n8n-web/server/index.js:109:28\u001b[22m","service":"api","timestamp":"2026-04-20T03:37:23.375Z"}
{"level":"error","message":"\u001b[1m  at node:internal/process/task_queues:103:5\u001b[22m","service":"api","timestamp":"2026-04-20T03:37:23.375Z"}
{"level":"error","message":"\u001b[33m[2026-04-20 03:37:28]\u001b[39m \u001b[91mReferenceError: userService is not defined\u001b[39m","service":"api","timestamp":"2026-04-20T03:37:28.798Z"}
{"level":"error","message":"\u001b[1m  at file:///C:/AWS/n8n-web/server/src/controllers/user.controller.js:6:27\u001b[22m","service":"api","timestamp":"2026-04-20T03:37:28.799Z"}
{"level":"error","message":"\u001b[1m  at file:///C:/AWS/n8n-web/server/index.js:109:28\u001b[22m","service":"api","timestamp":"2026-04-20T03:37:28.799Z"}
{"level":"error","message":"\u001b[1m  at node:internal/process/task_queues:103:5\u001b[22m","service":"api","timestamp":"2026-04-20T03:37:28.799Z"}
{"level":"error","message":"\u001b[33m[2026-04-20 03:37:37]\u001b[39m \u001b[91mReferenceError: userService is not defined\u001b[39m","service":"api","timestamp":"2026-04-20T03:37:37.687Z"}
{"level":"error","message":"\u001b[1m  at file:///C:/AWS/n8n-web/server/src/controllers/user.controller.js:6:27\u001b[22m","service":"api","timestamp":"2026-04-20T03:37:37.688Z"}
{"level":"error","message":"\u001b[1m  at file:///C:/AWS/n8n-web/server/index.js:109:28\u001b[22m","service":"api","timestamp":"2026-04-20T03:37:37.688Z"}
{"level":"error","message":"\u001b[1m  at node:internal/process/task_queues:103:5\u001b[22m","service":"api","timestamp":"2026-04-20T03:37:37.688Z"}
{"level":"error","message":"\u001b[33m[2026-04-20 03:37:51]\u001b[39m \u001b[91mReferenceError: userService is not defined\u001b[39m","service":"api","timestamp":"2026-04-20T03:37:51.584Z"}
{"level":"error","message":"\u001b[1m  at file:///C:/AWS/n8n-web/server/src/controllers/user.controller.js:6:27\u001b[22m","service":"api","timestamp":"2026-04-20T03:37:51.584Z"}
{"level":"error","message":"\u001b[1m  at file:///C:/AWS/n8n-web/server/index.js:109:28\u001b[22m","service":"api","timestamp":"2026-04-20T03:37:51.584Z"}
{"level":"error","message":"\u001b[1m  at node:internal/process/task_queues:103:5\u001b[22m","service":"api","timestamp":"2026-04-20T03:37:51.585Z"}
{"level":"error","message":"\u001b[33m[2026-04-20 03:38:11]\u001b[39m \u001b[91mReferenceError: userService is not defined\u001b[39m","service":"api","timestamp":"2026-04-20T03:38:11.996Z"}
{"level":"error","message":"\u001b[1m  at file:///C:/AWS/n8n-web/server/src/controllers/user.controller.js:6:27\u001b[22m","service":"api","timestamp":"2026-04-20T03:38:11.997Z"}
{"level":"error","message":"\u001b[1m  at file:///C:/AWS/n8n-web/server/index.js:109:28\u001b[22m","service":"api","timestamp":"2026-04-20T03:38:11.997Z"}
{"level":"error","message":"\u001b[1m  at node:internal/process/task_queues:103:5\u001b[22m","service":"api","timestamp":"2026-04-20T03:38:11.997Z"}
{"level":"error","message":"\u001b[33m[2026-04-20 03:38:21]\u001b[39m \u001b[91mReferenceError: userService is not defined\u001b[39m","service":"api","timestamp":"2026-04-20T03:38:21.013Z"}
{"level":"error","message":"\u001b[1m  at file:///C:/AWS/n8n-web/server/src/controllers/user.controller.js:6:27\u001b[22m","service":"api","timestamp":"2026-04-20T03:38:21.013Z"}
{"level":"error","message":"\u001b[1m  at file:///C:/AWS/n8n-web/server/index.js:109:28\u001b[22m","service":"api","timestamp":"2026-04-20T03:38:21.014Z"}
{"level":"error","message":"\u001b[1m  at node:internal/process/task_queues:103:5\u001b[22m","service":"api","timestamp":"2026-04-20T03:38:21.014Z"}
{"level":"error","message":"\u001b[33m[2026-04-20 03:38:37]\u001b[39m \u001b[91mReferenceError: userService is not defined\u001b[39m","service":"api","timestamp":"2026-04-20T03:38:37.752Z"}
{"level":"error","message":"\u001b[1m  at file:///C:/AWS/n8n-web/server/src/controllers/user.controller.js:6:27\u001b[22m","service":"api","timestamp":"2026-04-20T03:38:37.753Z"}
{"level":"error","message":"\u001b[1m  at file:///C:/AWS/n8n-web/server/index.js:109:28\u001b[22m","service":"api","timestamp":"2026-04-20T03:38:37.753Z"}
{"level":"error","message":"\u001b[1m  at node:internal/process/task_queues:103:5\u001b[22m","service":"api","timestamp":"2026-04-20T03:38:37.753Z"}
{"level":"error","message":"\u001b[33m[2026-04-20 03:38:56]\u001b[39m \u001b[91mReferenceError: userService is not defined\u001b[39m","service":"api","timestamp":"2026-04-20T03:38:56.689Z"}
{"level":"error","message":"\u001b[1m  at file:///C:/AWS/n8n-web/server/src/controllers/user.controller.js:6:27\u001b[22m","service":"api","timestamp":"2026-04-20T03:38:56.689Z"}
{"level":"error","message":"\u001b[1m  at file:///C:/AWS/n8n-web/server/index.js:109:28\u001b[22m","service":"api","timestamp":"2026-04-20T03:38:56.689Z"}
{"level":"error","message":"\u001b[1m  at node:internal/process/task_queues:103:5\u001b[22m","service":"api","timestamp":"2026-04-20T03:38:56.689Z"}
{"level":"error","message":"\u001b[33m[2026-04-20 03:39:17]\u001b[39m \u001b[91mReferenceError: userService is not defined\u001b[39m","service":"api","timestamp":"2026-04-20T03:39:17.012Z"}
{"level":"error","message":"\u001b[1m  at file:///C:/AWS/n8n-web/server/src/controllers/user.controller.js:6:27\u001b[22m","service":"api","timestamp":"2026-04-20T03:39:17.013Z"}
{"level":"error","message":"\u001b[1m  at file:///C:/AWS/n8n-web/server/index.js:109:28\u001b[22m","service":"api","timestamp":"2026-04-20T03:39:17.013Z"}
{"level":"error","message":"\u001b[1m  at node:internal/process/task_queues:103:5\u001b[22m","service":"api","timestamp":"2026-04-20T03:39:17.013Z"}
{"level":"error","message":"\u001b[33m[2026-04-20 03:39:24]\u001b[39m \u001b[91mReferenceError: userService is not defined\u001b[39m","service":"api","timestamp":"2026-04-20T03:39:24.602Z"}
{"level":"error","message":"\u001b[1m  at file:///C:/AWS/n8n-web/server/src/controllers/user.controller.js:6:27\u001b[22m","service":"api","timestamp":"2026-04-20T03:39:24.603Z"}
{"level":"error","message":"\u001b[1m  at file:///C:/AWS/n8n-web/server/index.js:109:28\u001b[22m","service":"api","timestamp":"2026-04-20T03:39:24.603Z"}
{"level":"error","message":"\u001b[1m  at node:internal/process/task_queues:103:5\u001b[22m","service":"api","timestamp":"2026-04-20T03:39:24.604Z"}
{"level":"error","message":"\u001b[33m[2026-04-20 03:40:19]\u001b[39m \u001b[91mReferenceError: userService is not defined\u001b[39m","service":"api","timestamp":"2026-04-20T03:40:19.929Z"}
{"level":"error","message":"\u001b[1m  at file:///C:/AWS/n8n-web/server/src/controllers/user.controller.js:6:27\u001b[22m","service":"api","timestamp":"2026-04-20T03:40:19.930Z"}
{"level":"error","message":"\u001b[1m  at file:///C:/AWS/n8n-web/server/index.js:109:28\u001b[22m","service":"api","timestamp":"2026-04-20T03:40:19.930Z"}
{"level":"error","message":"\u001b[1m  at node:internal/process/task_queues:103:5\u001b[22m","service":"api","timestamp":"2026-04-20T03:40:19.930Z"}
{"level":"error","message":"\u001b[33m[2026-04-20 03:40:26]\u001b[39m \u001b[91mReferenceError: userService is not defined\u001b[39m","service":"api","timestamp":"2026-04-20T03:40:26.188Z"}
{"level":"error","message":"\u001b[1m  at file:///C:/AWS/n8n-web/server/src/controllers/user.controller.js:6:27\u001b[22m","service":"api","timestamp":"2026-04-20T03:40:26.188Z"}
{"level":"error","message":"\u001b[1m  at file:///C:/AWS/n8n-web/server/index.js:109:28\u001b[22m","service":"api","timestamp":"2026-04-20T03:40:26.189Z"}
{"level":"error","message":"\u001b[1m  at node:internal/process/task_queues:103:5\u001b[22m","service":"api","timestamp":"2026-04-20T03:40:26.189Z"}
{"level":"error","message":"\u001b[33m[2026-04-20 03:40:28]\u001b[39m \u001b[91mReferenceError: userService is not defined\u001b[39m","service":"api","timestamp":"2026-04-20T03:40:28.996Z"}
{"level":"error","message":"\u001b[1m  at file:///C:/AWS/n8n-web/server/src/controllers/user.controller.js:6:27\u001b[22m","service":"api","timestamp":"2026-04-20T03:40:28.996Z"}
{"level":"error","message":"\u001b[1m  at file:///C:/AWS/n8n-web/server/index.js:109:28\u001b[22m","service":"api","timestamp":"2026-04-20T03:40:28.997Z"}
{"level":"error","message":"\u001b[1m  at node:internal/process/task_queues:103:5\u001b[22m","service":"api","timestamp":"2026-04-20T03:40:28.997Z"}
{"level":"error","message":"\u001b[33m[2026-04-20 03:40:32]\u001b[39m \u001b[91mReferenceError: userService is not defined\u001b[39m","service":"api","timestamp":"2026-04-20T03:40:32.320Z"}
{"level":"error","message":"\u001b[1m  at file:///C:/AWS/n8n-web/server/src/controllers/user.controller.js:6:27\u001b[22m","service":"api","timestamp":"2026-04-20T03:40:32.320Z"}
{"level":"error","message":"\u001b[1m  at file:///C:/AWS/n8n-web/server/index.js:109:28\u001b[22m","service":"api","timestamp":"2026-04-20T03:40:32.320Z"}
{"level":"error","message":"\u001b[1m  at node:internal/process/task_queues:103:5\u001b[22m","service":"api","timestamp":"2026-04-20T03:40:32.321Z"}
{"level":"error","message":"\u001b[33m[2026-04-20 03:40:36]\u001b[39m \u001b[91mReferenceError: userService is not defined\u001b[39m","service":"api","timestamp":"2026-04-20T03:40:36.463Z"}
{"level":"error","message":"\u001b[1m  at file:///C:/AWS/n8n-web/server/src/controllers/user.controller.js:6:27\u001b[22m","service":"api","timestamp":"2026-04-20T03:40:36.464Z"}
{"level":"error","message":"\u001b[1m  at file:///C:/AWS/n8n-web/server/index.js:109:28\u001b[22m","service":"api","timestamp":"2026-04-20T03:40:36.464Z"}
{"level":"error","message":"\u001b[1m  at node:internal/process/task_queues:103:5\u001b[22m","service":"api","timestamp":"2026-04-20T03:40:36.464Z"}
{"level":"error","message":"\u001b[33m[2026-04-20 03:40:51]\u001b[39m \u001b[91mReferenceError: userService is not defined\u001b[39m","service":"api","timestamp":"2026-04-20T03:40:51.455Z"}
{"level":"error","message":"\u001b[1m  at file:///C:/AWS/n8n-web/server/src/controllers/user.controller.js:6:27\u001b[22m","service":"api","timestamp":"2026-04-20T03:40:51.455Z"}
{"level":"error","message":"\u001b[1m  at file:///C:/AWS/n8n-web/server/index.js:109:28\u001b[22m","service":"api","timestamp":"2026-04-20T03:40:51.456Z"}
{"level":"error","message":"\u001b[1m  at node:internal/process/task_queues:103:5\u001b[22m","service":"api","timestamp":"2026-04-20T03:40:51.456Z"}
{"level":"error","message":"\u001b[33m[2026-04-20 03:40:56]\u001b[39m \u001b[91mReferenceError: userService is not defined\u001b[39m","service":"api","timestamp":"2026-04-20T03:40:56.874Z"}
{"level":"error","message":"\u001b[1m  at file:///C:/AWS/n8n-web/server/src/controllers/user.controller.js:6:27\u001b[22m","service":"api","timestamp":"2026-04-20T03:40:56.875Z"}
{"level":"error","message":"\u001b[1m  at file:///C:/AWS/n8n-web/server/index.js:109:28\u001b[22m","service":"api","timestamp":"2026-04-20T03:40:56.875Z"}
{"level":"error","message":"\u001b[1m  at node:internal/process/task_queues:103:5\u001b[22m","service":"api","timestamp":"2026-04-20T03:40:56.875Z"}
{"level":"error","message":"\u001b[33m[2026-04-20 03:41:06]\u001b[39m \u001b[91mReferenceError: userService is not defined\u001b[39m","service":"api","timestamp":"2026-04-20T03:41:06.190Z"}
{"level":"error","message":"\u001b[1m  at file:///C:/AWS/n8n-web/server/src/controllers/user.controller.js:6:27\u001b[22m","service":"api","timestamp":"2026-04-20T03:41:06.191Z"}
{"level":"error","message":"\u001b[1m  at file:///C:/AWS/n8n-web/server/index.js:109:28\u001b[22m","service":"api","timestamp":"2026-04-20T03:41:06.191Z"}
{"level":"error","message":"\u001b[1m  at node:internal/process/task_queues:103:5\u001b[22m","service":"api","timestamp":"2026-04-20T03:41:06.191Z"}
{"level":"error","message":"\u001b[33m[2026-04-20 03:41:34]\u001b[39m \u001b[91mReferenceError: generateRandomSalt is not defined\u001b[39m","service":"api","timestamp":"2026-04-20T03:41:34.898Z"}
{"level":"error","message":"\u001b[1m  at file:///C:/AWS/n8n-web/server/src/controllers/user.controller.js:13:24\u001b[22m","service":"api","timestamp":"2026-04-20T03:41:34.899Z"}
{"level":"error","message":"\u001b[1m  at node:internal/process/task_queues:103:5\u001b[22m","service":"api","timestamp":"2026-04-20T03:41:34.899Z"}
{"level":"error","message":"\u001b[1m  at file:///C:/AWS/n8n-web/server/index.js:109:7\u001b[22m","service":"api","timestamp":"2026-04-20T03:41:34.900Z"}
{"level":"error","message":"\u001b[33m[2026-04-20 03:42:41]\u001b[39m \u001b[91mReferenceError: generateRandomSalt is not defined\u001b[39m","service":"api","timestamp":"2026-04-20T03:42:41.828Z"}
{"level":"error","message":"\u001b[1m  at file:///C:/AWS/n8n-web/server/src/controllers/user.controller.js:13:24\u001b[22m","service":"api","timestamp":"2026-04-20T03:42:41.829Z"}
{"level":"error","message":"\u001b[1m  at node:internal/process/task_queues:103:5\u001b[22m","service":"api","timestamp":"2026-04-20T03:42:41.829Z"}
{"level":"error","message":"\u001b[1m  at file:///C:/AWS/n8n-web/server/index.js:109:7\u001b[22m","service":"api","timestamp":"2026-04-20T03:42:41.829Z"}
{"level":"error","message":"\u001b[33m[2026-04-20 03:42:47]\u001b[39m \u001b[91mReferenceError: generateRandomSalt is not defined\u001b[39m","service":"api","timestamp":"2026-04-20T03:42:47.666Z"}
{"level":"error","message":"\u001b[1m  at file:///C:/AWS/n8n-web/server/src/controllers/user.controller.js:13:24\u001b[22m","service":"api","timestamp":"2026-04-20T03:42:47.667Z"}
{"level":"error","message":"\u001b[1m  at node:internal/process/task_queues:103:5\u001b[22m","service":"api","timestamp":"2026-04-20T03:42:47.667Z"}
{"level":"error","message":"\u001b[1m  at file:///C:/AWS/n8n-web/server/index.js:109:7\u001b[22m","service":"api","timestamp":"2026-04-20T03:42:47.667Z"}
{"level":"error","message":"\u001b[33m[2026-04-20 03:42:59]\u001b[39m \u001b[91mReferenceError: generateRandomSalt is not defined\u001b[39m","service":"api","timestamp":"2026-04-20T03:42:59.983Z"}
{"level":"error","message":"\u001b[1m  at file:///C:/AWS/n8n-web/server/src/controllers/user.controller.js:13:24\u001b[22m","service":"api","timestamp":"2026-04-20T03:42:59.983Z"}
{"level":"error","message":"\u001b[1m  at node:internal/process/task_queues:103:5\u001b[22m","service":"api","timestamp":"2026-04-20T03:42:59.984Z"}
{"level":"error","message":"\u001b[1m  at file:///C:/AWS/n8n-web/server/index.js:109:7\u001b[22m","service":"api","timestamp":"2026-04-20T03:42:59.984Z"}
{"level":"error","message":"\u001b[33m[2026-04-20 03:43:10]\u001b[39m \u001b[91mReferenceError: hashPassword is not defined\u001b[39m","service":"api","timestamp":"2026-04-20T03:43:10.998Z"}
{"level":"error","message":"\u001b[1m  at file:///C:/AWS/n8n-web/server/src/controllers/user.controller.js:15:24\u001b[22m","service":"api","timestamp":"2026-04-20T03:43:10.998Z"}
{"level":"error","message":"\u001b[1m  at node:internal/process/task_queues:103:5\u001b[22m","service":"api","timestamp":"2026-04-20T03:43:10.999Z"}
{"level":"error","message":"\u001b[1m  at file:///C:/AWS/n8n-web/server/index.js:109:7\u001b[22m","service":"api","timestamp":"2026-04-20T03:43:10.999Z"}
{"level":"error","message":"\u001b[33m[2026-04-20 03:43:58]\u001b[39m \u001b[91mReferenceError: User is not defined\u001b[39m","service":"api","timestamp":"2026-04-20T03:43:58.885Z"}
{"level":"error","message":"\u001b[1m  at file:///C:/AWS/n8n-web/server/src/controllers/user.controller.js:18:23\u001b[22m","service":"api","timestamp":"2026-04-20T03:43:58.885Z"}
{"level":"error","message":"\u001b[1m  at node:internal/process/task_queues:103:5\u001b[22m","service":"api","timestamp":"2026-04-20T03:43:58.886Z"}
{"level":"error","message":"\u001b[1m  at file:///C:/AWS/n8n-web/server/index.js:109:7\u001b[22m","service":"api","timestamp":"2026-04-20T03:43:58.886Z"}
{"code":"EADDRINUSE","error":"Port 5000 is already in use","level":"error","message":"Server error:","service":"api","timestamp":"2026-04-21T01:22:18.997Z"}
{"code":"EADDRINUSE","error":"Port 5000 is already in use","level":"error","message":"Server error:","service":"api","timestamp":"2026-04-21T01:23:48.815Z"}
{"code":"EADDRINUSE","error":"Port 5000 is already in use","level":"error","message":"Server error:","service":"api","timestamp":"2026-04-21T01:23:56.263Z"}
{"level":"error","message":"\u001b[33m[2026-04-22 03:32:29]\u001b[39m \u001b[91mTypeError: userService.findByIdForAuth is not a function\u001b[39m","service":"api","timestamp":"2026-04-22T03:32:29.923Z"}
{"level":"error","message":"\u001b[1m  at file:///C:/AWS/n8n-web/n8n-server/src/middlewares/auth.middleware.js:17:34\u001b[22m","service":"api","timestamp":"2026-04-22T03:32:29.924Z"}
{"level":"error","message":"\u001b[1m  at file:///C:/AWS/n8n-web/n8n-server/src/middlewares/auth.middleware.js:30:24\u001b[22m","service":"api","timestamp":"2026-04-22T03:32:29.925Z"}
{"level":"error","message":"\u001b[33m[2026-04-22 03:32:55]\u001b[39m \u001b[91mTypeError: userService.findByIdForAuth is not a function\u001b[39m","service":"api","timestamp":"2026-04-22T03:32:55.412Z"}
{"level":"error","message":"\u001b[1m  at file:///C:/AWS/n8n-web/n8n-server/src/middlewares/auth.middleware.js:17:34\u001b[22m","service":"api","timestamp":"2026-04-22T03:32:55.413Z"}
{"level":"error","message":"\u001b[1m  at file:///C:/AWS/n8n-web/n8n-server/src/middlewares/auth.middleware.js:30:24\u001b[22m","service":"api","timestamp":"2026-04-22T03:32:55.413Z"}
{"level":"error","message":"\u001b[33m[2026-04-22 03:32:59]\u001b[39m \u001b[91mTypeError: userService.findByIdForAuth is not a function\u001b[39m","service":"api","timestamp":"2026-04-22T03:32:59.341Z"}
{"level":"error","message":"\u001b[1m  at file:///C:/AWS/n8n-web/n8n-server/src/middlewares/auth.middleware.js:17:34\u001b[22m","service":"api","timestamp":"2026-04-22T03:32:59.342Z"}
{"level":"error","message":"\u001b[1m  at file:///C:/AWS/n8n-web/n8n-server/src/middlewares/auth.middleware.js:30:24\u001b[22m","service":"api","timestamp":"2026-04-22T03:32:59.342Z"}
